TIME: 0
ROBOTS COORDINATES
(44.12, -15.58) 	 Speed: (0.25, 0.97)
(-2.45, -1.60) 	 Speed: (0.63, 0.78)
(1.37, -24.22) 	 Speed: (0.68, -0.73)
(-3.70, 24.67) 	 Speed: (1.64, -1.03)
(2.88, -45.33) 	 Speed: (1.00, 0.01)

DISCOVERED TARGETS
(19.49, 19.42) 	 Speed: (0.24, 1.48)
(21.94, -44.73) 	 Speed: (1.39, 0.56)
(47.60, -6.58) 	 Speed: (0.80, -1.27)
(6.77, 12.23) 	 Speed: (-1.28, 0.78)

TARGETS THAT ARE NOT DISCOVERED
(25.01, 42.33) 	 Speed: (1.06, 1.06)

 NUMBER OF DETECTED TARGETS: 4

TIME: 1
ROBOTS COORDINATES
(44.48, -14.65) 	 Speed: (0.36, 0.93)
(-1.90, -0.77) 	 Speed: (0.55, 0.83)
(2.08, -24.92) 	 Speed: (0.71, -0.71)
(-2.08, 23.68) 	 Speed: (1.62, -0.99)
(3.88, -45.29) 	 Speed: (1.00, 0.03)

DISCOVERED TARGETS
(19.73, 20.90) 	 Speed: (0.24, 1.48)
(23.33, -44.17) 	 Speed: (1.39, 0.56)
(48.40, -7.85) 	 Speed: (0.80, -1.27)
(5.49, 13.01) 	 Speed: (-1.28, 0.78)

TARGETS THAT ARE NOT DISCOVERED
(25.55, 42.52) 	 Speed: (0.69, 1.33)

 NUMBER OF DETECTED TARGETS: 4

TIME: 2
ROBOTS COORDINATES
(44.96, -13.81) 	 Speed: (0.48, 0.83)
(-1.42, 0.11) 	 Speed: (0.47, 0.88)
(2.82, -25.59) 	 Speed: (0.74, -0.67)
(-0.51, 22.74) 	 Speed: (1.57, -0.94)
(4.88, -45.24) 	 Speed: (1.00, 0.06)

DISCOVERED TARGETS
(19.97, 22.38) 	 Speed: (0.24, 1.48)
(24.23, -42.73) 	 Speed: (-1.16, -0.95)
(48.21, -8.94) 	 Speed: (-1.37, -0.62)
(4.21, 13.79) 	 Speed: (-1.28, 0.78)

TARGETS THAT ARE NOT DISCOVERED
(25.71, 42.98) 	 Speed: (0.58, -1.38)

 NUMBER OF DETECTED TARGETS: 4

TIME: 3
ROBOTS COORDINATES
(45.22, -13.43) 	 Speed: (0.26, 0.39)
(-1.04, 1.04) 	 Speed: (0.38, 0.92)
(3.60, -26.19) 	 Speed: (0.78, -0.59)
(0.96, 21.84) 	 Speed: (1.47, -0.90)
(5.87, -45.14) 	 Speed: (1.00, 0.09)

DISCOVERED TARGETS
(20.22, 23.86) 	 Speed: (0.24, 1.48)
(23.07, -43.69) 	 Speed: (-1.16, -0.95)
(46.85, -9.56) 	 Speed: (-1.37, -0.62)
(2.93, 14.57) 	 Speed: (-1.28, 0.78)

TARGETS THAT ARE NOT DISCOVERED
(26.29, 41.60) 	 Speed: (0.58, -1.38)

 NUMBER OF DETECTED TARGETS: 4

TIME: 4
ROBOTS COORDINATES
(45.24, -13.38) 	 Speed: (0.02, 0.05)
(-0.76, 2.00) 	 Speed: (0.28, 0.96)
(4.32, -26.73) 	 Speed: (0.73, -0.55)
(2.18, 21.09) 	 Speed: (1.23, -0.75)
(6.88, -45.18) 	 Speed: (1.01, -0.04)

DISCOVERED TARGETS
(20.46, 25.34) 	 Speed: (0.24, 1.48)
(21.91, -44.64) 	 Speed: (-1.16, -0.95)
(45.48, -10.18) 	 Speed: (-1.37, -0.62)
(1.64, 15.35) 	 Speed: (-1.28, 0.78)

TARGETS THAT ARE NOT DISCOVERED
(26.88, 40.22) 	 Speed: (0.58, -1.38)

 NUMBER OF DETECTED TARGETS: 4

TIME: 5
ROBOTS COORDINATES
(45.22, -13.58) 	 Speed: (-0.02, -0.20)
(-0.60, 2.89) 	 Speed: (0.16, 0.89)
(5.00, -27.27) 	 Speed: (0.68, -0.53)
(3.13, 20.97) 	 Speed: (0.95, -0.12)
(7.91, -45.32) 	 Speed: (1.02, -0.15)

DISCOVERED TARGETS
(20.70, 26.82) 	 Speed: (0.24, 1.48)
(20.34, -44.68) 	 Speed: (1.05, -1.07)
(44.12, -10.80) 	 Speed: (-1.37, -0.62)
(0.36, 16.12) 	 Speed: (-1.28, 0.78)

TARGETS THAT ARE NOT DISCOVERED
(27.46, 38.83) 	 Speed: (0.58, -1.38)

 NUMBER OF DETECTED TARGETS: 4

TIME: 6
ROBOTS COORDINATES
(45.31, -13.81) 	 Speed: (0.09, -0.23)
(-0.57, 3.69) 	 Speed: (0.03, 0.80)
(5.62, -27.79) 	 Speed: (0.62, -0.53)
(3.92, 21.14) 	 Speed: (0.79, 0.18)
(8.94, -45.50) 	 Speed: (1.03, -0.17)

DISCOVERED TARGETS
(20.95, 28.30) 	 Speed: (0.24, 1.48)
(20.96, -44.83) 	 Speed: (0.37, 1.45)
(42.75, -11.42) 	 Speed: (-1.37, -0.62)
(-0.92, 16.90) 	 Speed: (-1.28, 0.78)

TARGETS THAT ARE NOT DISCOVERED
(28.05, 37.45) 	 Speed: (0.58, -1.38)

 NUMBER OF DETECTED TARGETS: 4

TIME: 7
ROBOTS COORDINATES
(45.40, -13.90) 	 Speed: (0.09, -0.08)
(-0.66, 4.43) 	 Speed: (-0.09, 0.74)
(6.25, -28.27) 	 Speed: (0.62, -0.48)
(5.28, 21.94) 	 Speed: (1.36, 0.80)
(9.99, -45.70) 	 Speed: (1.05, -0.21)

DISCOVERED TARGETS
(21.19, 29.78) 	 Speed: (0.24, 1.48)
(21.33, -43.38) 	 Speed: (0.37, 1.45)
(41.38, -12.04) 	 Speed: (-1.37, -0.62)
(28.63, 36.07) 	 Speed: (0.58, -1.38)
(-2.20, 17.68) 	 Speed: (-1.28, 0.78)

TARGETS THAT ARE NOT DISCOVERED

 NUMBER OF DETECTED TARGETS: 5

TIME: 8
ROBOTS COORDINATES
(45.31, -13.85) 	 Speed: (-0.10, 0.04)
(-0.84, 5.23) 	 Speed: (-0.18, 0.80)
(6.89, -28.70) 	 Speed: (0.65, -0.42)
(6.23, 22.60) 	 Speed: (0.95, 0.65)
(11.03, -45.78) 	 Speed: (1.04, -0.08)

DISCOVERED TARGETS
(21.43, 31.26) 	 Speed: (0.24, 1.48)
(21.69, -41.93) 	 Speed: (0.37, 1.45)
(40.02, -12.66) 	 Speed: (-1.37, -0.62)
(29.21, 34.69) 	 Speed: (0.58, -1.38)
(-3.48, 18.46) 	 Speed: (-1.28, 0.78)

TARGETS THAT ARE NOT DISCOVERED

 NUMBER OF DETECTED TARGETS: 5

TIME: 9
ROBOTS COORDINATES
(44.96, -13.78) 	 Speed: (-0.35, 0.08)
(-1.10, 6.06) 	 Speed: (-0.26, 0.83)
(7.56, -29.05) 	 Speed: (0.67, -0.35)
(7.13, 23.32) 	 Speed: (0.90, 0.72)
(12.04, -45.76) 	 Speed: (1.02, 0.03)

DISCOVERED TARGETS
(21.67, 32.74) 	 Speed: (0.24, 1.48)
(22.06, -40.47) 	 Speed: (0.37, 1.45)
(38.65, -13.28) 	 Speed: (-1.37, -0.62)
(29.80, 33.31) 	 Speed: (0.58, -1.38)
(-4.77, 19.24) 	 Speed: (-1.28, 0.78)

TARGETS THAT ARE NOT DISCOVERED

 NUMBER OF DETECTED TARGETS: 5

TIME: 10
ROBOTS COORDINATES
(44.38, -13.73) 	 Speed: (-0.58, 0.05)
(-1.42, 6.92) 	 Speed: (-0.32, 0.86)
(8.25, -29.32) 	 Speed: (0.69, -0.27)
(7.99, 24.05) 	 Speed: (0.86, 0.73)
(13.02, -45.64) 	 Speed: (0.98, 0.12)

DISCOVERED TARGETS
(21.92, 34.22) 	 Speed: (0.24, 1.48)
(22.43, -39.02) 	 Speed: (0.37, 1.45)
(37.29, -13.90) 	 Speed: (-1.37, -0.62)
(30.38, 31.92) 	 Speed: (0.58, -1.38)
(-6.05, 20.02) 	 Speed: (-1.28, 0.78)

TARGETS THAT ARE NOT DISCOVERED

 NUMBER OF DETECTED TARGETS: 5

TIME: 11
ROBOTS COORDINATES
(43.61, -13.75) 	 Speed: (-0.77, -0.02)
(-1.78, 7.81) 	 Speed: (-0.36, 0.89)
(8.97, -29.50) 	 Speed: (0.71, -0.18)
(8.81, 24.75) 	 Speed: (0.82, 0.70)
(13.95, -45.45) 	 Speed: (0.93, 0.19)

DISCOVERED TARGETS
(22.16, 35.70) 	 Speed: (0.24, 1.48)
(22.79, -37.56) 	 Speed: (0.37, 1.45)
(35.92, -14.52) 	 Speed: (-1.37, -0.62)
(30.96, 30.54) 	 Speed: (0.58, -1.38)
(-7.33, 20.79) 	 Speed: (-1.28, 0.78)

TARGETS THAT ARE NOT DISCOVERED

 NUMBER OF DETECTED TARGETS: 5

TIME: 12
ROBOTS COORDINATES
(42.68, -13.84) 	 Speed: (-0.93, -0.09)
(-2.17, 8.72) 	 Speed: (-0.39, 0.92)
(9.70, -29.59) 	 Speed: (0.73, -0.08)
(9.58, 25.40) 	 Speed: (0.77, 0.65)
(14.83, -45.20) 	 Speed: (0.88, 0.25)

DISCOVERED TARGETS
(22.40, 37.18) 	 Speed: (0.24, 1.48)
(23.16, -36.11) 	 Speed: (0.37, 1.45)
(34.56, -15.14) 	 Speed: (-1.37, -0.62)
(31.55, 29.16) 	 Speed: (0.58, -1.38)
(-8.61, 21.57) 	 Speed: (-1.28, 0.78)

TARGETS THAT ARE NOT DISCOVERED

 NUMBER OF DETECTED TARGETS: 5

TIME: 13
ROBOTS COORDINATES
(41.03, -14.75) 	 Speed: (-1.65, -0.91)
(-2.62, 9.62) 	 Speed: (-0.45, 0.89)
(11.32, -29.07) 	 Speed: (1.62, 0.52)
(10.32, 26.04) 	 Speed: (0.74, 0.64)
(15.65, -44.91) 	 Speed: (0.82, 0.29)

DISCOVERED TARGETS
(22.65, 38.66) 	 Speed: (0.24, 1.48)
(23.53, -34.65) 	 Speed: (0.37, 1.45)
(33.19, -15.76) 	 Speed: (-1.37, -0.62)
(32.13, 27.78) 	 Speed: (0.58, -1.38)
(-9.90, 22.35) 	 Speed: (-1.28, 0.78)

TARGETS THAT ARE NOT DISCOVERED

 NUMBER OF DETECTED TARGETS: 5

TIME: 14
ROBOTS COORDINATES
(39.40, -15.63) 	 Speed: (-1.63, -0.88)
(-3.12, 10.49) 	 Speed: (-0.50, 0.87)
(12.95, -28.51) 	 Speed: (1.64, 0.56)
(11.03, 26.65) 	 Speed: (0.71, 0.62)
(16.39, -44.58) 	 Speed: (0.73, 0.33)

DISCOVERED TARGETS
(22.89, 40.14) 	 Speed: (0.24, 1.48)
(23.89, -33.20) 	 Speed: (0.37, 1.45)
(31.82, -16.38) 	 Speed: (-1.37, -0.62)
(32.72, 26.40) 	 Speed: (0.58, -1.38)
(-11.18, 23.13) 	 Speed: (-1.28, 0.78)

TARGETS THAT ARE NOT DISCOVERED

 NUMBER OF DETECTED TARGETS: 5

TIME: 15
ROBOTS COORDINATES
(37.84, -16.47) 	 Speed: (-1.56, -0.84)
(-3.66, 11.33) 	 Speed: (-0.54, 0.84)
(14.61, -27.89) 	 Speed: (1.66, 0.61)
(11.70, 27.24) 	 Speed: (0.67, 0.58)
(17.04, -44.21) 	 Speed: (0.65, 0.37)

DISCOVERED TARGETS
(23.13, 41.62) 	 Speed: (0.24, 1.48)
(24.26, -31.74) 	 Speed: (0.37, 1.45)
(30.46, -17.00) 	 Speed: (-1.37, -0.62)
(33.30, 25.02) 	 Speed: (0.58, -1.38)
(-12.46, 23.91) 	 Speed: (-1.28, 0.78)

TARGETS THAT ARE NOT DISCOVERED

 NUMBER OF DETECTED TARGETS: 5

TIME: 16
ROBOTS COORDINATES
(36.33, -17.28) 	 Speed: (-1.51, -0.81)
(-4.23, 12.15) 	 Speed: (-0.57, 0.82)
(16.30, -27.24) 	 Speed: (1.68, 0.66)
(12.33, 27.78) 	 Speed: (0.63, 0.54)
(17.61, -43.81) 	 Speed: (0.57, 0.40)

DISCOVERED TARGETS
(23.38, 43.10) 	 Speed: (0.24, 1.48)
(24.62, -30.29) 	 Speed: (0.37, 1.45)
(29.09, -17.62) 	 Speed: (-1.37, -0.62)
(33.88, 23.63) 	 Speed: (0.58, -1.38)
(-13.74, 24.69) 	 Speed: (-1.28, 0.78)

TARGETS THAT ARE NOT DISCOVERED

 NUMBER OF DETECTED TARGETS: 5

TIME: 17
ROBOTS COORDINATES
(34.85, -18.06) 	 Speed: (-1.48, -0.78)
(-4.83, 12.95) 	 Speed: (-0.60, 0.80)
(18.00, -26.53) 	 Speed: (1.70, 0.71)
(12.90, 28.29) 	 Speed: (0.57, 0.50)
(18.51, -42.45) 	 Speed: (0.90, 1.35)

DISCOVERED TARGETS
(23.15, 43.69) 	 Speed: (-0.88, -1.22)
(24.99, -28.83) 	 Speed: (0.37, 1.45)
(27.73, -18.24) 	 Speed: (-1.37, -0.62)
(34.47, 22.25) 	 Speed: (0.58, -1.38)
(-15.02, 25.47) 	 Speed: (-1.28, 0.78)

TARGETS THAT ARE NOT DISCOVERED

 NUMBER OF DETECTED TARGETS: 5

TIME: 18
ROBOTS COORDINATES
(33.53, -18.75) 	 Speed: (-1.32, -0.69)
(-5.47, 13.72) 	 Speed: (-0.63, 0.78)
(19.41, -25.67) 	 Speed: (1.41, 0.86)
(13.43, 28.75) 	 Speed: (0.52, 0.46)
(19.31, -41.16) 	 Speed: (0.80, 1.29)

DISCOVERED TARGETS
(22.27, 42.47) 	 Speed: (-0.88, -1.22)
(25.36, -27.38) 	 Speed: (0.37, 1.45)
(26.36, -18.86) 	 Speed: (-1.37, -0.62)
(35.05, 20.87) 	 Speed: (0.58, -1.38)
(-16.31, 26.24) 	 Speed: (-1.28, 0.78)

TARGETS THAT ARE NOT DISCOVERED

 NUMBER OF DETECTED TARGETS: 5

TIME: 19
ROBOTS COORDINATES
(32.56, -19.24) 	 Speed: (-0.97, -0.49)
(-6.12, 14.48) 	 Speed: (-0.65, 0.76)
(20.14, -24.77) 	 Speed: (0.73, 0.90)
(13.91, 29.16) 	 Speed: (0.48, 0.41)
(20.01, -39.89) 	 Speed: (0.70, 1.27)

DISCOVERED TARGETS
(21.40, 41.25) 	 Speed: (-0.88, -1.22)
(25.72, -25.92) 	 Speed: (0.37, 1.45)
(25.00, -19.49) 	 Speed: (-1.37, -0.62)
(35.64, 19.49) 	 Speed: (0.58, -1.38)
(-17.59, 27.02) 	 Speed: (-1.28, 0.78)

TARGETS THAT ARE NOT DISCOVERED

 NUMBER OF DETECTED TARGETS: 5

TIME: 20
ROBOTS COORDINATES
(31.73, -19.62) 	 Speed: (-0.83, -0.38)
(-6.79, 15.21) 	 Speed: (-0.67, 0.74)
(20.32, -23.97) 	 Speed: (0.18, 0.80)
(15.35, 29.61) 	 Speed: (1.44, 0.44)
(20.62, -38.64) 	 Speed: (0.61, 1.25)

DISCOVERED TARGETS
(20.52, 40.04) 	 Speed: (-0.88, -1.22)
(26.09, -24.47) 	 Speed: (0.37, 1.45)
(23.63, -20.11) 	 Speed: (-1.37, -0.62)
(36.22, 18.11) 	 Speed: (0.58, -1.38)
(-18.87, 27.80) 	 Speed: (-1.28, 0.78)

TARGETS THAT ARE NOT DISCOVERED

 NUMBER OF DETECTED TARGETS: 5

TIME: 21
ROBOTS COORDINATES
(31.02, -19.88) 	 Speed: (-0.72, -0.26)
(-7.49, 15.94) 	 Speed: (-0.69, 0.72)
(19.99, -23.45) 	 Speed: (-0.33, 0.52)
(16.67, 30.02) 	 Speed: (1.32, 0.41)
(21.15, -37.43) 	 Speed: (0.53, 1.21)

DISCOVERED TARGETS
(19.64, 38.82) 	 Speed: (-0.88, -1.22)
(26.46, -23.02) 	 Speed: (0.37, 1.45)
(22.26, -20.73) 	 Speed: (-1.37, -0.62)
(36.80, 16.73) 	 Speed: (0.58, -1.38)
(-20.15, 28.58) 	 Speed: (-1.28, 0.78)

TARGETS THAT ARE NOT DISCOVERED

 NUMBER OF DETECTED TARGETS: 5

TIME: 22
ROBOTS COORDINATES
(30.66, -19.89) 	 Speed: (-0.36, -0.01)
(-8.19, 16.64) 	 Speed: (-0.71, 0.71)
(19.52, -23.01) 	 Speed: (-0.47, 0.44)
(17.83, 30.42) 	 Speed: (1.15, 0.40)
(21.63, -36.29) 	 Speed: (0.48, 1.14)

DISCOVERED TARGETS
(18.77, 37.60) 	 Speed: (-0.88, -1.22)
(26.82, -21.56) 	 Speed: (0.37, 1.45)
(20.90, -21.35) 	 Speed: (-1.37, -0.62)
(37.39, 15.34) 	 Speed: (0.58, -1.38)
(-21.44, 29.36) 	 Speed: (-1.28, 0.78)

TARGETS THAT ARE NOT DISCOVERED

 NUMBER OF DETECTED TARGETS: 5

TIME: 23
ROBOTS COORDINATES
(30.67, -19.64) 	 Speed: (0.01, 0.25)
(-8.92, 17.34) 	 Speed: (-0.72, 0.69)
(18.97, -22.60) 	 Speed: (-0.55, 0.41)
(18.72, 30.61) 	 Speed: (0.90, 0.19)
(21.97, -35.36) 	 Speed: (0.34, 0.93)

DISCOVERED TARGETS
(17.89, 36.38) 	 Speed: (-0.88, -1.22)
(27.19, -20.11) 	 Speed: (0.37, 1.45)
(19.53, -21.97) 	 Speed: (-1.37, -0.62)
(37.97, 13.96) 	 Speed: (0.58, -1.38)
(-22.72, 30.14) 	 Speed: (-1.28, 0.78)

TARGETS THAT ARE NOT DISCOVERED

 NUMBER OF DETECTED TARGETS: 5

TIME: 24
ROBOTS COORDINATES
(30.91, -19.34) 	 Speed: (0.24, 0.29)
(-9.65, 18.02) 	 Speed: (-0.73, 0.68)
(18.23, -22.25) 	 Speed: (-0.74, 0.35)
(19.41, 30.41) 	 Speed: (0.69, -0.20)
(22.19, -34.56) 	 Speed: (0.22, 0.80)

DISCOVERED TARGETS
(17.01, 35.17) 	 Speed: (-0.88, -1.22)
(27.55, -18.65) 	 Speed: (0.37, 1.45)
(18.17, -22.59) 	 Speed: (-1.37, -0.62)
(38.56, 12.58) 	 Speed: (0.58, -1.38)
(-24.00, 30.91) 	 Speed: (-1.28, 0.78)

TARGETS THAT ARE NOT DISCOVERED

 NUMBER OF DETECTED TARGETS: 5

TIME: 25
ROBOTS COORDINATES
(31.15, -19.12) 	 Speed: (0.24, 0.22)
(-10.39, 18.68) 	 Speed: (-0.74, 0.67)
(18.14, -20.31) 	 Speed: (-0.09, 1.95)
(20.00, 30.02) 	 Speed: (0.58, -0.39)
(22.32, -33.85) 	 Speed: (0.13, 0.71)

DISCOVERED TARGETS
(16.14, 33.95) 	 Speed: (-0.88, -1.22)
(27.92, -17.20) 	 Speed: (0.37, 1.45)
(16.80, -23.21) 	 Speed: (-1.37, -0.62)
(39.14, 11.20) 	 Speed: (0.58, -1.38)
(-25.28, 31.69) 	 Speed: (-1.28, 0.78)

TARGETS THAT ARE NOT DISCOVERED

 NUMBER OF DETECTED TARGETS: 5

TIME: 26
ROBOTS COORDINATES
(31.36, -19.02) 	 Speed: (0.20, 0.10)
(-11.15, 19.34) 	 Speed: (-0.75, 0.66)
(18.02, -19.16) 	 Speed: (-0.11, 1.14)
(20.45, 29.59) 	 Speed: (0.45, -0.43)
(22.21, -33.08) 	 Speed: (-0.11, 0.77)

DISCOVERED TARGETS
(15.26, 32.73) 	 Speed: (-0.88, -1.22)
(28.29, -15.74) 	 Speed: (0.37, 1.45)
(15.44, -23.83) 	 Speed: (-1.37, -0.62)
(39.72, 9.82) 	 Speed: (0.58, -1.38)
(-26.56, 32.47) 	 Speed: (-1.28, 0.78)

TARGETS THAT ARE NOT DISCOVERED

 NUMBER OF DETECTED TARGETS: 5

TIME: 27
ROBOTS COORDINATES
(31.44, -18.85) 	 Speed: (0.08, 0.17)
(-11.02, 20.44) 	 Speed: (0.13, 1.10)
(17.71, -18.45) 	 Speed: (-0.31, 0.71)
(20.70, 29.14) 	 Speed: (0.26, -0.45)
(21.93, -32.39) 	 Speed: (-0.29, 0.69)

DISCOVERED TARGETS
(14.39, 31.51) 	 Speed: (-0.88, -1.22)
(28.65, -14.29) 	 Speed: (0.37, 1.45)
(14.07, -24.45) 	 Speed: (-1.37, -0.62)
(40.31, 8.44) 	 Speed: (0.58, -1.38)
(-27.85, 33.25) 	 Speed: (-1.28, 0.78)

TARGETS THAT ARE NOT DISCOVERED

 NUMBER OF DETECTED TARGETS: 5

TIME: 28
ROBOTS COORDINATES
(31.72, -17.57) 	 Speed: (0.28, 1.28)
(-10.89, 21.45) 	 Speed: (0.12, 1.01)
(17.21, -18.02) 	 Speed: (-0.50, 0.43)
(20.75, 28.66) 	 Speed: (0.04, -0.48)
(21.52, -31.81) 	 Speed: (-0.41, 0.58)

DISCOVERED TARGETS
(13.51, 30.30) 	 Speed: (-0.88, -1.22)
(29.02, -12.83) 	 Speed: (0.37, 1.45)
(12.70, -25.07) 	 Speed: (-1.37, -0.62)
(40.89, 7.05) 	 Speed: (0.58, -1.38)
(-29.13, 34.03) 	 Speed: (-1.28, 0.78)

TARGETS THAT ARE NOT DISCOVERED

 NUMBER OF DETECTED TARGETS: 5

TIME: 29
ROBOTS COORDINATES
(31.88, -16.39) 	 Speed: (0.16, 1.18)
(-10.78, 22.36) 	 Speed: (0.12, 0.91)
(16.64, -17.78) 	 Speed: (-0.57, 0.24)
(20.60, 28.11) 	 Speed: (-0.15, -0.54)
(21.12, -31.25) 	 Speed: (-0.40, 0.56)

DISCOVERED TARGETS
(12.63, 29.08) 	 Speed: (-0.88, -1.22)
(29.38, -11.38) 	 Speed: (0.37, 1.45)
(11.34, -25.69) 	 Speed: (-1.37, -0.62)
(41.48, 5.67) 	 Speed: (0.58, -1.38)
(-30.41, 34.81) 	 Speed: (-1.28, 0.78)

TARGETS THAT ARE NOT DISCOVERED

 NUMBER OF DETECTED TARGETS: 5

TIME: 30
ROBOTS COORDINATES
(31.94, -15.29) 	 Speed: (0.06, 1.10)
(-10.66, 23.17) 	 Speed: (0.12, 0.81)
(16.11, -17.48) 	 Speed: (-0.53, 0.29)
(19.60, 28.23) 	 Speed: (-0.99, 0.12)
(20.75, -30.74) 	 Speed: (-0.37, 0.50)

DISCOVERED TARGETS
(11.76, 27.86) 	 Speed: (-0.88, -1.22)
(29.75, -9.92) 	 Speed: (0.37, 1.45)
(9.97, -26.31) 	 Speed: (-1.37, -0.62)
(42.06, 4.29) 	 Speed: (0.58, -1.38)
(-31.69, 35.58) 	 Speed: (-1.28, 0.78)

TARGETS THAT ARE NOT DISCOVERED

 NUMBER OF DETECTED TARGETS: 5

TIME: 31
ROBOTS COORDINATES
(31.94, -14.26) 	 Speed: (-0.00, 1.03)
(-10.54, 23.88) 	 Speed: (0.12, 0.71)
(15.62, -17.14) 	 Speed: (-0.49, 0.34)
(18.64, 28.19) 	 Speed: (-0.96, -0.05)
(20.41, -30.29) 	 Speed: (-0.34, 0.45)

DISCOVERED TARGETS
(10.88, 26.64) 	 Speed: (-0.88, -1.22)
(30.12, -8.47) 	 Speed: (0.37, 1.45)
(8.61, -26.93) 	 Speed: (-1.37, -0.62)
(42.64, 2.91) 	 Speed: (0.58, -1.38)
(-32.98, 36.36) 	 Speed: (-1.28, 0.78)

TARGETS THAT ARE NOT DISCOVERED

 NUMBER OF DETECTED TARGETS: 5

TIME: 32
ROBOTS COORDINATES
(31.90, -13.29) 	 Speed: (-0.04, 0.97)
(-10.43, 24.49) 	 Speed: (0.12, 0.61)
(15.17, -16.77) 	 Speed: (-0.45, 0.37)
(17.68, 28.00) 	 Speed: (-0.96, -0.19)
(20.11, -29.88) 	 Speed: (-0.30, 0.41)

DISCOVERED TARGETS
(10.01, 25.43) 	 Speed: (-0.88, -1.22)
(30.48, -7.01) 	 Speed: (0.37, 1.45)
(7.24, -27.55) 	 Speed: (-1.37, -0.62)
(43.23, 1.53) 	 Speed: (0.58, -1.38)
(-33.57, 36.40) 	 Speed: (1.35, 0.66)

TARGETS THAT ARE NOT DISCOVERED

 NUMBER OF DETECTED TARGETS: 5

TIME: 33
ROBOTS COORDINATES
(31.89, -12.32) 	 Speed: (-0.01, 0.97)
(-10.32, 25.00) 	 Speed: (0.11, 0.50)
(14.76, -16.37) 	 Speed: (-0.41, 0.40)
(16.73, 27.68) 	 Speed: (-0.95, -0.32)
(19.82, -29.54) 	 Speed: (-0.29, 0.34)

DISCOVERED TARGETS
(9.13, 24.21) 	 Speed: (-0.88, -1.22)
(30.85, -5.56) 	 Speed: (0.37, 1.45)
(5.88, -28.17) 	 Speed: (-1.37, -0.62)
(43.81, 0.15) 	 Speed: (0.58, -1.38)
(-32.22, 37.05) 	 Speed: (1.35, 0.66)

TARGETS THAT ARE NOT DISCOVERED

 NUMBER OF DETECTED TARGETS: 5

TIME: 34
ROBOTS COORDINATES
(32.79, -10.82) 	 Speed: (0.89, 1.50)
(-10.19, 25.44) 	 Speed: (0.12, 0.44)
(14.40, -15.95) 	 Speed: (-0.36, 0.42)
(15.82, 27.26) 	 Speed: (-0.91, -0.42)
(19.53, -29.27) 	 Speed: (-0.30, 0.27)

DISCOVERED TARGETS
(8.25, 22.99) 	 Speed: (-0.88, -1.22)
(31.22, -4.11) 	 Speed: (0.37, 1.45)
(4.51, -28.79) 	 Speed: (-1.37, -0.62)
(44.40, -1.24) 	 Speed: (0.58, -1.38)
(-30.87, 37.71) 	 Speed: (1.35, 0.66)

TARGETS THAT ARE NOT DISCOVERED

 NUMBER OF DETECTED TARGETS: 5

TIME: 35
ROBOTS COORDINATES
(33.51, -9.45) 	 Speed: (0.72, 1.38)
(-10.06, 25.82) 	 Speed: (0.13, 0.38)
(14.21, -15.49) 	 Speed: (-0.18, 0.46)
(14.95, 26.77) 	 Speed: (-0.87, -0.49)
(19.22, -29.04) 	 Speed: (-0.30, 0.23)

DISCOVERED TARGETS
(7.38, 21.77) 	 Speed: (-0.88, -1.22)
(31.58, -2.65) 	 Speed: (0.37, 1.45)
(3.14, -29.41) 	 Speed: (-1.37, -0.62)
(44.98, -2.62) 	 Speed: (0.58, -1.38)
(-29.53, 38.37) 	 Speed: (1.35, 0.66)

TARGETS THAT ARE NOT DISCOVERED

 NUMBER OF DETECTED TARGETS: 5

TIME: 36
ROBOTS COORDINATES
(34.16, -8.20) 	 Speed: (0.65, 1.25)
(-9.93, 26.13) 	 Speed: (0.13, 0.32)
(14.14, -14.98) 	 Speed: (-0.07, 0.51)
(14.12, 26.22) 	 Speed: (-0.83, -0.55)
(18.90, -28.85) 	 Speed: (-0.32, 0.19)

DISCOVERED TARGETS
(6.50, 20.56) 	 Speed: (-0.88, -1.22)
(31.95, -1.20) 	 Speed: (0.37, 1.45)
(1.78, -30.03) 	 Speed: (-1.37, -0.62)
(45.56, -4.00) 	 Speed: (0.58, -1.38)
(-28.18, 39.02) 	 Speed: (1.35, 0.66)

TARGETS THAT ARE NOT DISCOVERED

 NUMBER OF DETECTED TARGETS: 5

TIME: 37
ROBOTS COORDINATES
(34.85, -7.06) 	 Speed: (0.69, 1.14)
(-9.80, 26.39) 	 Speed: (0.13, 0.26)
(14.06, -14.47) 	 Speed: (-0.07, 0.51)
(13.32, 25.63) 	 Speed: (-0.80, -0.60)
(18.14, -29.59) 	 Speed: (-0.77, -0.74)

DISCOVERED TARGETS
(5.63, 19.34) 	 Speed: (-0.88, -1.22)
(32.31, 0.26) 	 Speed: (0.37, 1.45)
(0.41, -30.65) 	 Speed: (-1.37, -0.62)
(46.15, -5.38) 	 Speed: (0.58, -1.38)
(-26.83, 39.68) 	 Speed: (1.35, 0.66)

TARGETS THAT ARE NOT DISCOVERED

 NUMBER OF DETECTED TARGETS: 5

TIME: 38
ROBOTS COORDINATES
(35.53, -6.03) 	 Speed: (0.68, 1.03)
(-9.68, 26.59) 	 Speed: (0.12, 0.20)
(14.04, -14.05) 	 Speed: (-0.02, 0.42)
(12.54, 24.99) 	 Speed: (-0.77, -0.63)
(17.29, -30.21) 	 Speed: (-0.85, -0.62)

DISCOVERED TARGETS
(4.75, 18.12) 	 Speed: (-0.88, -1.22)
(32.68, 1.71) 	 Speed: (0.37, 1.45)
(-0.95, -31.27) 	 Speed: (-1.37, -0.62)
(46.73, -6.76) 	 Speed: (0.58, -1.38)
(-25.48, 40.33) 	 Speed: (1.35, 0.66)

TARGETS THAT ARE NOT DISCOVERED

 NUMBER OF DETECTED TARGETS: 5

TIME: 39
ROBOTS COORDINATES
(36.18, -5.15) 	 Speed: (0.65, 0.87)
(-9.57, 26.74) 	 Speed: (0.11, 0.15)
(14.06, -13.70) 	 Speed: (0.01, 0.35)
(11.79, 24.33) 	 Speed: (-0.75, -0.66)
(16.38, -30.73) 	 Speed: (-0.91, -0.52)

DISCOVERED TARGETS
(3.87, 16.90) 	 Speed: (-0.88, -1.22)
(33.05, 3.17) 	 Speed: (0.37, 1.45)
(-2.32, -31.89) 	 Speed: (-1.37, -0.62)
(47.31, -8.14) 	 Speed: (0.58, -1.38)
(-24.13, 40.99) 	 Speed: (1.35, 0.66)

TARGETS THAT ARE NOT DISCOVERED

 NUMBER OF DETECTED TARGETS: 5

TIME: 40
ROBOTS COORDINATES
(36.79, -4.48) 	 Speed: (0.61, 0.68)
(-9.48, 26.85) 	 Speed: (0.09, 0.11)
(14.09, -13.40) 	 Speed: (0.03, 0.29)
(11.77, 22.94) 	 Speed: (-0.02, -1.39)
(15.44, -31.16) 	 Speed: (-0.95, -0.43)

DISCOVERED TARGETS
(3.00, 15.68) 	 Speed: (-0.88, -1.22)
(33.41, 4.62) 	 Speed: (0.37, 1.45)
(-3.69, -32.51) 	 Speed: (-1.37, -0.62)
(47.90, -9.53) 	 Speed: (0.58, -1.38)
(-22.78, 41.64) 	 Speed: (1.35, 0.66)

TARGETS THAT ARE NOT DISCOVERED

 NUMBER OF DETECTED TARGETS: 5

TIME: 41
ROBOTS COORDINATES
(37.36, -3.95) 	 Speed: (0.56, 0.52)
(-9.40, 26.92) 	 Speed: (0.08, 0.08)
(14.12, -13.16) 	 Speed: (0.03, 0.24)
(11.76, 21.66) 	 Speed: (-0.01, -1.28)
(14.46, -31.52) 	 Speed: (-0.98, -0.36)

DISCOVERED TARGETS
(2.12, 14.47) 	 Speed: (-0.88, -1.22)
(33.78, 6.08) 	 Speed: (0.37, 1.45)
(-5.05, -33.13) 	 Speed: (-1.37, -0.62)
(48.48, -10.91) 	 Speed: (0.58, -1.38)
(-21.43, 42.30) 	 Speed: (1.35, 0.66)

TARGETS THAT ARE NOT DISCOVERED

 NUMBER OF DETECTED TARGETS: 5

TIME: 42
ROBOTS COORDINATES
(37.87, -3.54) 	 Speed: (0.51, 0.41)
(-9.34, 26.98) 	 Speed: (0.06, 0.05)
(14.13, -12.97) 	 Speed: (0.02, 0.20)
(11.78, 20.48) 	 Speed: (0.01, -1.18)
(13.47, -31.82) 	 Speed: (-0.99, -0.30)

DISCOVERED TARGETS
(1.24, 13.25) 	 Speed: (-0.88, -1.22)
(34.15, 7.53) 	 Speed: (0.37, 1.45)
(-6.42, -33.75) 	 Speed: (-1.37, -0.62)
(48.09, -12.04) 	 Speed: (-1.05, 1.07)
(-20.08, 42.95) 	 Speed: (1.35, 0.66)

TARGETS THAT ARE NOT DISCOVERED

 NUMBER OF DETECTED TARGETS: 5

TIME: 43
ROBOTS COORDINATES
(38.32, -3.23) 	 Speed: (0.45, 0.31)
(-9.28, 27.02) 	 Speed: (0.05, 0.04)
(13.69, -11.91) 	 Speed: (-0.44, 1.05)
(11.82, 19.42) 	 Speed: (0.04, -1.07)
(12.47, -32.07) 	 Speed: (-1.00, -0.25)

DISCOVERED TARGETS
(0.37, 12.03) 	 Speed: (-0.88, -1.22)
(34.51, 8.99) 	 Speed: (0.37, 1.45)
(-7.78, -34.37) 	 Speed: (-1.37, -0.62)
(47.04, -10.97) 	 Speed: (-1.05, 1.07)
(-18.73, 43.61) 	 Speed: (1.35, 0.66)

TARGETS THAT ARE NOT DISCOVERED

 NUMBER OF DETECTED TARGETS: 5

TIME: 44
ROBOTS COORDINATES
(38.77, -2.94) 	 Speed: (0.45, 0.29)
(-9.24, 27.04) 	 Speed: (0.05, 0.03)
(13.91, -10.33) 	 Speed: (0.22, 1.58)
(11.89, 18.46) 	 Speed: (0.07, -0.96)
(11.47, -32.18) 	 Speed: (-0.99, -0.11)

DISCOVERED TARGETS
(-0.51, 10.81) 	 Speed: (-0.88, -1.22)
(34.88, 10.44) 	 Speed: (0.37, 1.45)
(-9.15, -34.99) 	 Speed: (-1.37, -0.62)
(45.99, -9.90) 	 Speed: (-1.05, 1.07)
(-17.38, 44.27) 	 Speed: (1.35, 0.66)

TARGETS THAT ARE NOT DISCOVERED

 NUMBER OF DETECTED TARGETS: 5

TIME: 45
ROBOTS COORDINATES
(39.21, -2.68) 	 Speed: (0.44, 0.27)
(-9.19, 27.07) 	 Speed: (0.05, 0.02)
(14.06, -8.80) 	 Speed: (0.15, 1.53)
(11.98, 17.60) 	 Speed: (0.09, -0.85)
(10.48, -32.32) 	 Speed: (-0.99, -0.13)

DISCOVERED TARGETS
(-1.38, 9.60) 	 Speed: (-0.88, -1.22)
(35.24, 11.90) 	 Speed: (0.37, 1.45)
(-10.51, -35.61) 	 Speed: (-1.37, -0.62)
(44.94, -8.83) 	 Speed: (-1.05, 1.07)
(-16.03, 44.92) 	 Speed: (1.35, 0.66)

TARGETS THAT ARE NOT DISCOVERED

 NUMBER OF DETECTED TARGETS: 5

TIME: 46
ROBOTS COORDINATES
(39.63, -2.44) 	 Speed: (0.42, 0.23)
(-9.14, 27.09) 	 Speed: (0.05, 0.02)
(14.13, -7.34) 	 Speed: (0.07, 1.46)
(12.09, 16.85) 	 Speed: (0.11, -0.75)
(9.49, -32.47) 	 Speed: (-0.99, -0.15)

DISCOVERED TARGETS
(-2.26, 8.38) 	 Speed: (-0.88, -1.22)
(35.61, 13.35) 	 Speed: (0.37, 1.45)
(-11.88, -36.23) 	 Speed: (-1.37, -0.62)
(43.89, -7.76) 	 Speed: (-1.05, 1.07)
(-14.69, 45.58) 	 Speed: (1.35, 0.66)

TARGETS THAT ARE NOT DISCOVERED

 NUMBER OF DETECTED TARGETS: 5

TIME: 47
ROBOTS COORDINATES
(39.82, -2.02) 	 Speed: (0.19, 0.42)
(-9.08, 27.11) 	 Speed: (0.06, 0.02)
(15.13, -5.97) 	 Speed: (1.00, 1.37)
(12.22, 16.19) 	 Speed: (0.13, -0.66)
(8.51, -32.65) 	 Speed: (-0.98, -0.17)

DISCOVERED TARGETS
(-3.14, 7.16) 	 Speed: (-0.88, -1.22)
(35.98, 14.80) 	 Speed: (0.37, 1.45)
(-13.25, -36.85) 	 Speed: (-1.37, -0.62)
(42.83, -6.69) 	 Speed: (-1.05, 1.07)
(-13.34, 46.23) 	 Speed: (1.35, 0.66)

TARGETS THAT ARE NOT DISCOVERED

 NUMBER OF DETECTED TARGETS: 5

TIME: 48
ROBOTS COORDINATES
(39.81, -1.37) 	 Speed: (-0.01, 0.65)
(-9.01, 27.13) 	 Speed: (0.07, 0.02)
(16.03, -4.70) 	 Speed: (0.90, 1.26)
(12.36, 15.63) 	 Speed: (0.14, -0.57)
(7.53, -32.84) 	 Speed: (-0.98, -0.19)

DISCOVERED TARGETS
(-4.01, 5.94) 	 Speed: (-0.88, -1.22)
(36.34, 16.26) 	 Speed: (0.37, 1.45)
(-14.61, -37.47) 	 Speed: (-1.37, -0.62)
(41.78, -5.62) 	 Speed: (-1.05, 1.07)
(-11.99, 46.89) 	 Speed: (1.35, 0.66)

TARGETS THAT ARE NOT DISCOVERED

 NUMBER OF DETECTED TARGETS: 5

TIME: 49
ROBOTS COORDINATES
(39.69, -0.55) 	 Speed: (-0.12, 0.83)
(-8.93, 27.14) 	 Speed: (0.08, 0.02)
(16.84, -3.55) 	 Speed: (0.81, 1.15)
(12.50, 15.15) 	 Speed: (0.14, -0.48)
(6.55, -33.04) 	 Speed: (-0.98, -0.20)

DISCOVERED TARGETS
(-4.89, 4.73) 	 Speed: (-0.88, -1.22)
(36.71, 17.71) 	 Speed: (0.37, 1.45)
(-15.98, -38.09) 	 Speed: (-1.37, -0.62)
(40.73, -4.54) 	 Speed: (-1.05, 1.07)
(-10.64, 47.54) 	 Speed: (1.35, 0.66)

TARGETS THAT ARE NOT DISCOVERED

 NUMBER OF DETECTED TARGETS: 5

TIME: 50
ROBOTS COORDINATES
(39.54, 0.41) 	 Speed: (-0.15, 0.95)
(-8.84, 27.15) 	 Speed: (0.09, 0.01)
(17.61, -2.61) 	 Speed: (0.77, 0.94)
(12.61, 14.84) 	 Speed: (0.11, -0.30)
(5.57, -33.26) 	 Speed: (-0.98, -0.22)

DISCOVERED TARGETS
(-5.76, 3.51) 	 Speed: (-0.88, -1.22)
(37.07, 19.17) 	 Speed: (0.37, 1.45)
(-17.34, -38.71) 	 Speed: (-1.37, -0.62)
(39.68, -3.47) 	 Speed: (-1.05, 1.07)
(-9.29, 48.20) 	 Speed: (1.35, 0.66)

TARGETS THAT ARE NOT DISCOVERED

 NUMBER OF DETECTED TARGETS: 5

TIME: 51
ROBOTS COORDINATES
(39.40, 1.43) 	 Speed: (-0.13, 1.02)
(-8.73, 27.16) 	 Speed: (0.11, 0.01)
(18.38, -1.89) 	 Speed: (0.77, 0.72)
(12.68, 14.73) 	 Speed: (0.07, -0.11)
(4.60, -33.49) 	 Speed: (-0.97, -0.23)

DISCOVERED TARGETS
(-6.64, 2.29) 	 Speed: (-0.88, -1.22)
(37.44, 20.62) 	 Speed: (0.37, 1.45)
(-18.71, -39.33) 	 Speed: (-1.37, -0.62)
(38.63, -2.40) 	 Speed: (-1.05, 1.07)
(-7.94, 48.86) 	 Speed: (1.35, 0.66)

TARGETS THAT ARE NOT DISCOVERED

 NUMBER OF DETECTED TARGETS: 5

TIME: 52
ROBOTS COORDINATES
(39.31, 2.45) 	 Speed: (-0.10, 1.02)
(-8.61, 27.16) 	 Speed: (0.12, 0.00)
(19.14, -1.29) 	 Speed: (0.76, 0.60)
(12.70, 14.73) 	 Speed: (0.03, -0.00)
(3.63, -33.74) 	 Speed: (-0.97, -0.24)

DISCOVERED TARGETS
(-7.52, 1.07) 	 Speed: (-0.88, -1.22)
(37.81, 22.08) 	 Speed: (0.37, 1.45)
(-20.07, -39.95) 	 Speed: (-1.37, -0.62)
(37.58, -1.33) 	 Speed: (-1.05, 1.07)
(-6.59, 49.51) 	 Speed: (1.35, 0.66)

TARGETS THAT ARE NOT DISCOVERED

 NUMBER OF DETECTED TARGETS: 5

TIME: 53
ROBOTS COORDINATES
(39.21, 3.41) 	 Speed: (-0.09, 0.96)
(-8.48, 27.16) 	 Speed: (0.13, -0.00)
(19.91, -0.76) 	 Speed: (0.76, 0.53)
(13.54, 14.24) 	 Speed: (0.84, -0.48)
(2.66, -33.99) 	 Speed: (-0.97, -0.25)

DISCOVERED TARGETS
(-8.39, -0.14) 	 Speed: (-0.88, -1.22)
(38.17, 23.53) 	 Speed: (0.37, 1.45)
(-21.44, -40.57) 	 Speed: (-1.37, -0.62)
(36.53, -0.26) 	 Speed: (-1.05, 1.07)
(-5.14, 49.16) 	 Speed: (0.94, -1.17)

TARGETS THAT ARE NOT DISCOVERED

 NUMBER OF DETECTED TARGETS: 5

TIME: 54
ROBOTS COORDINATES
(39.11, 4.30) 	 Speed: (-0.10, 0.90)
(-8.33, 27.15) 	 Speed: (0.15, -0.01)
(20.07, -1.17) 	 Speed: (0.16, -0.41)
(14.29, 13.97) 	 Speed: (0.75, -0.28)
(1.70, -34.25) 	 Speed: (-0.96, -0.26)

DISCOVERED TARGETS
(-9.27, -1.36) 	 Speed: (-0.88, -1.22)
(38.54, 24.99) 	 Speed: (0.37, 1.45)
(-22.81, -41.19) 	 Speed: (-1.37, -0.62)
(35.48, 0.81) 	 Speed: (-1.05, 1.07)
(-4.20, 47.99) 	 Speed: (0.94, -1.17)

TARGETS THAT ARE NOT DISCOVERED

 NUMBER OF DETECTED TARGETS: 5

TIME: 55
ROBOTS COORDINATES
(38.92, 5.13) 	 Speed: (-0.19, 0.83)
(-8.16, 27.13) 	 Speed: (0.16, -0.02)
(20.22, -1.53) 	 Speed: (0.15, -0.36)
(15.03, 13.78) 	 Speed: (0.74, -0.19)
(0.74, -34.52) 	 Speed: (-0.96, -0.27)

DISCOVERED TARGETS
(-10.14, -2.58) 	 Speed: (-0.88, -1.22)
(38.91, 26.44) 	 Speed: (0.37, 1.45)
(-24.17, -41.81) 	 Speed: (-1.37, -0.62)
(34.43, 1.88) 	 Speed: (-1.05, 1.07)
(-3.26, 46.82) 	 Speed: (0.94, -1.17)

TARGETS THAT ARE NOT DISCOVERED

 NUMBER OF DETECTED TARGETS: 5

TIME: 56
ROBOTS COORDINATES
(38.63, 5.91) 	 Speed: (-0.30, 0.78)
(-7.99, 27.10) 	 Speed: (0.18, -0.03)
(21.33, -1.79) 	 Speed: (1.12, -0.26)
(16.60, 14.21) 	 Speed: (1.57, 0.43)
(-0.22, -34.81) 	 Speed: (-0.96, -0.28)

DISCOVERED TARGETS
(-11.02, -3.80) 	 Speed: (-0.88, -1.22)
(39.27, 27.90) 	 Speed: (0.37, 1.45)
(-25.54, -42.43) 	 Speed: (-1.37, -0.62)
(33.38, 2.95) 	 Speed: (-1.05, 1.07)
(-2.32, 45.65) 	 Speed: (0.94, -1.17)

TARGETS THAT ARE NOT DISCOVERED

 NUMBER OF DETECTED TARGETS: 5

TIME: 57
ROBOTS COORDINATES
(38.35, 6.72) 	 Speed: (-0.28, 0.81)
(-7.70, 28.06) 	 Speed: (0.29, 0.96)
(22.26, -1.90) 	 Speed: (0.93, -0.12)
(18.16, 14.60) 	 Speed: (1.56, 0.38)
(-1.18, -35.09) 	 Speed: (-0.96, -0.29)

DISCOVERED TARGETS
(-11.90, -5.01) 	 Speed: (-0.88, -1.22)
(39.64, 29.35) 	 Speed: (0.37, 1.45)
(-26.37, -42.19) 	 Speed: (0.44, -1.44)
(32.33, 4.02) 	 Speed: (-1.05, 1.07)
(-1.38, 44.48) 	 Speed: (0.94, -1.17)

TARGETS THAT ARE NOT DISCOVERED

 NUMBER OF DETECTED TARGETS: 5

TIME: 58
ROBOTS COORDINATES
(38.02, 7.56) 	 Speed: (-0.33, 0.84)
(-7.34, 28.99) 	 Speed: (0.36, 0.93)
(23.01, -1.89) 	 Speed: (0.75, 0.01)
(19.69, 14.95) 	 Speed: (1.53, 0.36)
(-2.14, -35.37) 	 Speed: (-0.96, -0.27)

DISCOVERED TARGETS
(-12.77, -6.23) 	 Speed: (-0.88, -1.22)
(39.20, 30.19) 	 Speed: (-1.44, 0.41)
(-25.41, -42.76) 	 Speed: (0.92, -1.19)
(31.28, 5.10) 	 Speed: (-1.05, 1.07)
(-0.44, 43.31) 	 Speed: (0.94, -1.17)

TARGETS THAT ARE NOT DISCOVERED

 NUMBER OF DETECTED TARGETS: 5

TIME: 59
ROBOTS COORDINATES
(37.61, 8.44) 	 Speed: (-0.41, 0.87)
(-6.90, 29.89) 	 Speed: (0.43, 0.90)
(23.59, -1.78) 	 Speed: (0.58, 0.11)
(21.14, 15.30) 	 Speed: (1.45, 0.35)
(-3.10, -35.67) 	 Speed: (-0.95, -0.30)

DISCOVERED TARGETS
(-13.65, -7.45) 	 Speed: (-0.88, -1.22)
(37.76, 30.60) 	 Speed: (-1.44, 0.41)
(-24.00, -43.06) 	 Speed: (-1.49, -0.18)
(30.23, 6.17) 	 Speed: (-1.05, 1.07)
(0.49, 42.14) 	 Speed: (0.94, -1.17)

TARGETS THAT ARE NOT DISCOVERED

 NUMBER OF DETECTED TARGETS: 5

TIME: 60
ROBOTS COORDINATES
(37.28, 9.26) 	 Speed: (-0.33, 0.82)
(-6.39, 30.75) 	 Speed: (0.52, 0.86)
(24.00, -1.58) 	 Speed: (0.41, 0.20)
(22.26, 15.74) 	 Speed: (1.12, 0.44)
(-4.04, -36.00) 	 Speed: (-0.94, -0.33)

DISCOVERED TARGETS
(-14.52, -8.67) 	 Speed: (-0.88, -1.22)
(36.32, 31.01) 	 Speed: (-1.44, 0.41)
(-24.98, -42.38) 	 Speed: (-1.47, 0.29)
(29.18, 7.24) 	 Speed: (-1.05, 1.07)
(1.43, 40.97) 	 Speed: (0.94, -1.17)

TARGETS THAT ARE NOT DISCOVERED

 NUMBER OF DETECTED TARGETS: 5

TIME: 61
ROBOTS COORDINATES
(37.01, 10.07) 	 Speed: (-0.27, 0.80)
(-5.78, 31.54) 	 Speed: (0.61, 0.79)
(24.25, -1.30) 	 Speed: (0.25, 0.28)
(23.09, 16.24) 	 Speed: (0.83, 0.50)
(-5.35, -35.36) 	 Speed: (-1.31, 0.64)

DISCOVERED TARGETS
(-15.40, -9.88) 	 Speed: (-0.88, -1.22)
(34.88, 31.42) 	 Speed: (-1.44, 0.41)
(-26.46, -42.09) 	 Speed: (-1.47, 0.29)
(28.13, 8.31) 	 Speed: (-1.05, 1.07)
(2.37, 39.80) 	 Speed: (0.94, -1.17)

TARGETS THAT ARE NOT DISCOVERED

 NUMBER OF DETECTED TARGETS: 5

TIME: 62
ROBOTS COORDINATES
(36.80, 10.87) 	 Speed: (-0.21, 0.80)
(-5.08, 32.26) 	 Speed: (0.70, 0.71)
(24.35, -0.96) 	 Speed: (0.11, 0.35)
(23.64, 16.76) 	 Speed: (0.55, 0.53)
(-6.67, -34.73) 	 Speed: (-1.32, 0.63)

DISCOVERED TARGETS
(-16.28, -11.10) 	 Speed: (-0.88, -1.22)
(33.43, 31.84) 	 Speed: (-1.44, 0.41)
(-27.37, -40.97) 	 Speed: (-0.14, 1.49)
(27.08, 9.38) 	 Speed: (-1.05, 1.07)
(3.31, 38.63) 	 Speed: (0.94, -1.17)

TARGETS THAT ARE NOT DISCOVERED

 NUMBER OF DETECTED TARGETS: 5

TIME: 63
ROBOTS COORDINATES
(36.60, 11.66) 	 Speed: (-0.19, 0.79)
(-4.28, 32.86) 	 Speed: (0.80, 0.61)
(24.35, -0.55) 	 Speed: (-0.01, 0.41)
(23.23, 18.04) 	 Speed: (-0.40, 1.27)
(-8.01, -34.10) 	 Speed: (-1.33, 0.64)

DISCOVERED TARGETS
(-17.15, -12.32) 	 Speed: (-0.88, -1.22)
(31.99, 32.25) 	 Speed: (-1.44, 0.41)
(-27.51, -39.47) 	 Speed: (-0.14, 1.49)
(26.03, 10.45) 	 Speed: (-1.05, 1.07)
(4.25, 37.46) 	 Speed: (0.94, -1.17)

TARGETS THAT ARE NOT DISCOVERED

 NUMBER OF DETECTED TARGETS: 5

TIME: 64
ROBOTS COORDINATES
(36.27, 12.48) 	 Speed: (-0.33, 0.82)
(-3.40, 33.34) 	 Speed: (0.88, 0.47)
(24.26, -0.00) 	 Speed: (-0.09, 0.55)
(22.77, 19.14) 	 Speed: (-0.46, 1.11)
(-9.36, -33.44) 	 Speed: (-1.35, 0.66)

DISCOVERED TARGETS
(-18.03, -13.54) 	 Speed: (-0.88, -1.22)
(30.55, 32.66) 	 Speed: (-1.44, 0.41)
(-27.65, -37.98) 	 Speed: (-0.14, 1.49)
(24.98, 11.52) 	 Speed: (-1.05, 1.07)
(5.19, 36.29) 	 Speed: (0.94, -1.17)

TARGETS THAT ARE NOT DISCOVERED

 NUMBER OF DETECTED TARGETS: 5

TIME: 65
ROBOTS COORDINATES
(35.84, 13.32) 	 Speed: (-0.43, 0.84)
(-2.46, 33.66) 	 Speed: (0.95, 0.33)
(24.08, 0.63) 	 Speed: (-0.18, 0.64)
(22.23, 20.16) 	 Speed: (-0.54, 1.02)
(-10.73, -32.76) 	 Speed: (-1.37, 0.68)

DISCOVERED TARGETS
(-18.91, -14.75) 	 Speed: (-0.88, -1.22)
(29.11, 33.07) 	 Speed: (-1.44, 0.41)
(-27.79, -36.49) 	 Speed: (-0.14, 1.49)
(23.93, 12.59) 	 Speed: (-1.05, 1.07)
(6.13, 35.12) 	 Speed: (0.94, -1.17)

TARGETS THAT ARE NOT DISCOVERED

 NUMBER OF DETECTED TARGETS: 5

TIME: 66
ROBOTS COORDINATES
(35.33, 14.18) 	 Speed: (-0.51, 0.86)
(-1.47, 33.83) 	 Speed: (0.99, 0.17)
(23.83, 1.32) 	 Speed: (-0.25, 0.68)
(21.60, 21.14) 	 Speed: (-0.63, 0.98)
(-12.12, -32.07) 	 Speed: (-1.39, 0.70)

DISCOVERED TARGETS
(-19.78, -15.97) 	 Speed: (-0.88, -1.22)
(27.66, 33.48) 	 Speed: (-1.44, 0.41)
(-27.93, -34.99) 	 Speed: (-0.14, 1.49)
(22.88, 13.66) 	 Speed: (-1.05, 1.07)
(7.06, 33.95) 	 Speed: (0.94, -1.17)

TARGETS THAT ARE NOT DISCOVERED

 NUMBER OF DETECTED TARGETS: 5

TIME: 67
ROBOTS COORDINATES
(34.76, 15.07) 	 Speed: (-0.58, 0.88)
(0.53, 33.83) 	 Speed: (2.00, 0.00)
(23.51, 2.04) 	 Speed: (-0.32, 0.72)
(20.89, 22.10) 	 Speed: (-0.71, 0.96)
(-13.53, -31.35) 	 Speed: (-1.41, 0.72)

DISCOVERED TARGETS
(-20.66, -17.19) 	 Speed: (-0.88, -1.22)
(26.22, 33.89) 	 Speed: (-1.44, 0.41)
(-28.07, -33.50) 	 Speed: (-0.14, 1.49)
(21.83, 14.74) 	 Speed: (-1.05, 1.07)
(8.00, 32.78) 	 Speed: (0.94, -1.17)

TARGETS THAT ARE NOT DISCOVERED

 NUMBER OF DETECTED TARGETS: 5

TIME: 68
ROBOTS COORDINATES
(34.12, 15.96) 	 Speed: (-0.64, 0.90)
(2.45, 35.23) 	 Speed: (1.92, 1.40)
(23.13, 2.75) 	 Speed: (-0.37, 0.71)
(20.11, 23.07) 	 Speed: (-0.78, 0.97)
(-14.97, -30.60) 	 Speed: (-1.44, 0.75)

DISCOVERED TARGETS
(-21.53, -18.41) 	 Speed: (-0.88, -1.22)
(24.78, 34.30) 	 Speed: (-1.44, 0.41)
(-28.21, -32.01) 	 Speed: (-0.14, 1.49)
(20.78, 15.81) 	 Speed: (-1.05, 1.07)
(8.94, 31.61) 	 Speed: (0.94, -1.17)

TARGETS THAT ARE NOT DISCOVERED

 NUMBER OF DETECTED TARGETS: 5

TIME: 69
ROBOTS COORDINATES
(32.65, 14.58) 	 Speed: (-1.47, -1.39)
(4.24, 36.56) 	 Speed: (1.80, 1.33)
(22.72, 3.44) 	 Speed: (-0.42, 0.70)
(19.27, 24.04) 	 Speed: (-0.85, 0.97)
(-16.44, -29.82) 	 Speed: (-1.47, 0.77)

DISCOVERED TARGETS
(-22.41, -19.62) 	 Speed: (-0.88, -1.22)
(23.34, 34.72) 	 Speed: (-1.44, 0.41)
(-28.35, -30.51) 	 Speed: (-0.14, 1.49)
(19.73, 16.88) 	 Speed: (-1.05, 1.07)
(9.88, 30.44) 	 Speed: (0.94, -1.17)

TARGETS THAT ARE NOT DISCOVERED

 NUMBER OF DETECTED TARGETS: 5

TIME: 70
ROBOTS COORDINATES
(31.47, 13.56) 	 Speed: (-1.18, -1.01)
(5.88, 37.75) 	 Speed: (1.64, 1.19)
(21.62, 4.82) 	 Speed: (-1.10, 1.37)
(18.50, 24.99) 	 Speed: (-0.77, 0.94)
(-17.94, -29.02) 	 Speed: (-1.50, 0.81)

DISCOVERED TARGETS
(-23.29, -20.84) 	 Speed: (-0.88, -1.22)
(21.90, 35.13) 	 Speed: (-1.44, 0.41)
(-28.49, -29.02) 	 Speed: (-0.14, 1.49)
(18.68, 17.95) 	 Speed: (-1.05, 1.07)
(10.82, 29.27) 	 Speed: (0.94, -1.17)

TARGETS THAT ARE NOT DISCOVERED

 NUMBER OF DETECTED TARGETS: 5

TIME: 71
ROBOTS COORDINATES
(30.51, 12.81) 	 Speed: (-0.95, -0.76)
(7.36, 38.94) 	 Speed: (1.48, 1.19)
(20.32, 6.10) 	 Speed: (-1.30, 1.29)
(17.89, 25.71) 	 Speed: (-0.62, 0.72)
(-19.49, -28.18) 	 Speed: (-1.55, 0.84)

DISCOVERED TARGETS
(-24.16, -22.06) 	 Speed: (-0.88, -1.22)
(20.45, 35.54) 	 Speed: (-1.44, 0.41)
(-28.64, -27.53) 	 Speed: (-0.14, 1.49)
(17.63, 19.02) 	 Speed: (-1.05, 1.07)
(11.76, 28.10) 	 Speed: (0.94, -1.17)

TARGETS THAT ARE NOT DISCOVERED

 NUMBER OF DETECTED TARGETS: 5

TIME: 72
ROBOTS COORDINATES
(29.69, 12.16) 	 Speed: (-0.83, -0.64)
(8.69, 40.08) 	 Speed: (1.33, 1.14)
(19.29, 5.35) 	 Speed: (-1.03, -0.76)
(17.58, 26.13) 	 Speed: (-0.30, 0.42)
(-21.05, -27.37) 	 Speed: (-1.56, 0.81)

DISCOVERED TARGETS
(-25.04, -23.28) 	 Speed: (-0.88, -1.22)
(19.01, 35.95) 	 Speed: (-1.44, 0.41)
(-28.78, -26.03) 	 Speed: (-0.14, 1.49)
(16.58, 20.09) 	 Speed: (-1.05, 1.07)
(12.70, 26.93) 	 Speed: (0.94, -1.17)

TARGETS THAT ARE NOT DISCOVERED

 NUMBER OF DETECTED TARGETS: 5

TIME: 73
ROBOTS COORDINATES
(28.91, 11.59) 	 Speed: (-0.78, -0.58)
(9.85, 41.09) 	 Speed: (1.17, 1.01)
(17.98, 6.74) 	 Speed: (-1.31, 1.39)
(17.52, 26.40) 	 Speed: (-0.06, 0.27)
(-22.30, -26.90) 	 Speed: (-1.25, 0.47)

DISCOVERED TARGETS
(-25.91, -24.49) 	 Speed: (-0.88, -1.22)
(17.57, 36.36) 	 Speed: (-1.44, 0.41)
(-28.92, -24.54) 	 Speed: (-0.14, 1.49)
(15.53, 21.16) 	 Speed: (-1.05, 1.07)
(13.64, 25.76) 	 Speed: (0.94, -1.17)

TARGETS THAT ARE NOT DISCOVERED

 NUMBER OF DETECTED TARGETS: 5

TIME: 74
ROBOTS COORDINATES
(28.19, 11.03) 	 Speed: (-0.72, -0.55)
(10.83, 41.93) 	 Speed: (0.98, 0.83)
(17.05, 6.08) 	 Speed: (-0.93, -0.66)
(17.50, 26.81) 	 Speed: (-0.02, 0.41)
(-23.08, -26.60) 	 Speed: (-0.79, 0.30)

DISCOVERED TARGETS
(-26.79, -25.71) 	 Speed: (-0.88, -1.22)
(16.13, 36.77) 	 Speed: (-1.44, 0.41)
(-29.06, -23.05) 	 Speed: (-0.14, 1.49)
(14.48, 22.23) 	 Speed: (-1.05, 1.07)
(14.57, 24.59) 	 Speed: (0.94, -1.17)

TARGETS THAT ARE NOT DISCOVERED

 NUMBER OF DETECTED TARGETS: 5

TIME: 75
ROBOTS COORDINATES
(27.51, 10.53) 	 Speed: (-0.68, -0.50)
(11.55, 42.55) 	 Speed: (0.71, 0.63)
(15.85, 7.65) 	 Speed: (-1.20, 1.57)
(17.34, 27.22) 	 Speed: (-0.16, 0.41)
(-23.67, -26.23) 	 Speed: (-0.59, 0.37)

DISCOVERED TARGETS
(-27.67, -26.93) 	 Speed: (-0.88, -1.22)
(14.68, 37.19) 	 Speed: (-1.44, 0.41)
(-29.20, -21.55) 	 Speed: (-0.14, 1.49)
(13.43, 23.30) 	 Speed: (-1.05, 1.07)
(15.51, 23.42) 	 Speed: (0.94, -1.17)

TARGETS THAT ARE NOT DISCOVERED

 NUMBER OF DETECTED TARGETS: 5

TIME: 76
ROBOTS COORDINATES
(26.86, 10.04) 	 Speed: (-0.65, -0.49)
(11.95, 42.95) 	 Speed: (0.40, 0.39)
(15.04, 7.11) 	 Speed: (-0.81, -0.55)
(16.93, 27.52) 	 Speed: (-0.41, 0.30)
(-24.30, -25.71) 	 Speed: (-0.63, 0.52)

DISCOVERED TARGETS
(-28.54, -28.15) 	 Speed: (-0.88, -1.22)
(13.24, 37.60) 	 Speed: (-1.44, 0.41)
(-29.34, -20.06) 	 Speed: (-0.14, 1.49)
(12.38, 24.38) 	 Speed: (-1.05, 1.07)
(16.45, 22.25) 	 Speed: (0.94, -1.17)

TARGETS THAT ARE NOT DISCOVERED

 NUMBER OF DETECTED TARGETS: 5

TIME: 77
ROBOTS COORDINATES
(26.47, 11.74) 	 Speed: (-0.39, 1.71)
(12.12, 41.08) 	 Speed: (0.17, -1.86)
(14.03, 6.10) 	 Speed: (-1.02, -1.01)
(16.40, 27.44) 	 Speed: (-0.53, -0.08)
(-25.09, -25.16) 	 Speed: (-0.79, 0.56)

DISCOVERED TARGETS
(-29.42, -29.36) 	 Speed: (-0.88, -1.22)
(11.80, 38.01) 	 Speed: (-1.44, 0.41)
(-29.48, -18.57) 	 Speed: (-0.14, 1.49)
(11.33, 25.45) 	 Speed: (-1.05, 1.07)
(17.39, 21.08) 	 Speed: (0.94, -1.17)

TARGETS THAT ARE NOT DISCOVERED

 NUMBER OF DETECTED TARGETS: 5

TIME: 78
ROBOTS COORDINATES
(25.90, 13.33) 	 Speed: (-0.57, 1.58)
(12.12, 40.07) 	 Speed: (0.00, -1.02)
(13.34, 7.72) 	 Speed: (-0.69, 1.62)
(15.89, 27.05) 	 Speed: (-0.51, -0.39)
(-26.00, -24.70) 	 Speed: (-0.91, 0.46)

DISCOVERED TARGETS
(-30.29, -30.58) 	 Speed: (-0.88, -1.22)
(10.36, 38.42) 	 Speed: (-1.44, 0.41)
(-29.62, -17.07) 	 Speed: (-0.14, 1.49)
(10.28, 26.52) 	 Speed: (-1.05, 1.07)
(18.33, 19.91) 	 Speed: (0.94, -1.17)

TARGETS THAT ARE NOT DISCOVERED

 NUMBER OF DETECTED TARGETS: 5

TIME: 79
ROBOTS COORDINATES
(25.03, 12.61) 	 Speed: (-0.87, -0.72)
(12.33, 39.22) 	 Speed: (0.21, -0.85)
(12.79, 9.23) 	 Speed: (-0.55, 1.51)
(15.34, 26.64) 	 Speed: (-0.55, -0.41)
(-26.91, -24.46) 	 Speed: (-0.91, 0.24)

DISCOVERED TARGETS
(-31.17, -31.80) 	 Speed: (-0.88, -1.22)
(8.91, 38.83) 	 Speed: (-1.44, 0.41)
(-29.76, -15.58) 	 Speed: (-0.14, 1.49)
(9.23, 27.59) 	 Speed: (-1.05, 1.07)
(19.27, 18.74) 	 Speed: (0.94, -1.17)

TARGETS THAT ARE NOT DISCOVERED

 NUMBER OF DETECTED TARGETS: 5

TIME: 80
ROBOTS COORDINATES
(24.78, 13.96) 	 Speed: (-0.25, 1.35)
(12.31, 38.24) 	 Speed: (-0.02, -0.98)
(12.15, 8.69) 	 Speed: (-0.63, -0.54)
(14.82, 26.44) 	 Speed: (-0.52, -0.20)
(-27.72, -24.37) 	 Speed: (-0.81, 0.09)

DISCOVERED TARGETS
(-32.05, -33.02) 	 Speed: (-0.88, -1.22)
(7.47, 39.24) 	 Speed: (-1.44, 0.41)
(-29.90, -14.09) 	 Speed: (-0.14, 1.49)
(8.18, 28.66) 	 Speed: (-1.05, 1.07)
(20.21, 17.57) 	 Speed: (0.94, -1.17)

TARGETS THAT ARE NOT DISCOVERED

 NUMBER OF DETECTED TARGETS: 5

TIME: 81
ROBOTS COORDINATES
(24.78, 14.81) 	 Speed: (0.01, 0.85)
(11.83, 37.41) 	 Speed: (-0.48, -0.83)
(11.81, 9.81) 	 Speed: (-0.34, 1.13)
(14.05, 26.40) 	 Speed: (-0.78, -0.04)
(-28.37, -24.29) 	 Speed: (-0.66, 0.08)

DISCOVERED TARGETS
(-32.92, -34.24) 	 Speed: (-0.88, -1.22)
(6.03, 39.65) 	 Speed: (-1.44, 0.41)
(-30.04, -12.59) 	 Speed: (-0.14, 1.49)
(7.13, 29.73) 	 Speed: (-1.05, 1.07)
(21.14, 16.40) 	 Speed: (0.94, -1.17)

TARGETS THAT ARE NOT DISCOVERED

 NUMBER OF DETECTED TARGETS: 5

TIME: 82
ROBOTS COORDINATES
(25.17, 15.33) 	 Speed: (0.38, 0.52)
(11.00, 36.83) 	 Speed: (-0.83, -0.59)
(11.58, 10.64) 	 Speed: (-0.23, 0.83)
(13.15, 26.70) 	 Speed: (-0.89, 0.30)
(-28.93, -24.21) 	 Speed: (-0.56, 0.08)

DISCOVERED TARGETS
(-33.80, -35.45) 	 Speed: (-0.88, -1.22)
(4.59, 40.07) 	 Speed: (-1.44, 0.41)
(-30.18, -11.10) 	 Speed: (-0.14, 1.49)
(6.08, 30.80) 	 Speed: (-1.05, 1.07)
(22.08, 15.23) 	 Speed: (0.94, -1.17)

TARGETS THAT ARE NOT DISCOVERED

 NUMBER OF DETECTED TARGETS: 5

TIME: 83
ROBOTS COORDINATES
(25.66, 15.90) 	 Speed: (0.50, 0.56)
(9.94, 36.54) 	 Speed: (-1.06, -0.28)
(11.48, 11.25) 	 Speed: (-0.11, 0.61)
(12.29, 27.11) 	 Speed: (-0.87, 0.41)
(-29.42, -24.13) 	 Speed: (-0.49, 0.08)

DISCOVERED TARGETS
(-33.98, -35.94) 	 Speed: (0.03, 1.50)
(3.14, 40.48) 	 Speed: (-1.44, 0.41)
(-30.32, -9.61) 	 Speed: (-0.14, 1.49)
(5.03, 31.87) 	 Speed: (-1.05, 1.07)
(23.02, 14.06) 	 Speed: (0.94, -1.17)

TARGETS THAT ARE NOT DISCOVERED

 NUMBER OF DETECTED TARGETS: 5

TIME: 84
ROBOTS COORDINATES
(25.94, 16.61) 	 Speed: (0.27, 0.72)
(8.87, 36.65) 	 Speed: (-1.08, 0.11)
(11.48, 11.68) 	 Speed: (0.00, 0.43)
(11.53, 27.51) 	 Speed: (-0.76, 0.40)
(-29.85, -24.06) 	 Speed: (-0.42, 0.07)

DISCOVERED TARGETS
(-33.95, -34.44) 	 Speed: (0.03, 1.50)
(1.70, 40.89) 	 Speed: (-1.44, 0.41)
(-30.47, -8.11) 	 Speed: (-0.14, 1.49)
(3.98, 32.94) 	 Speed: (-1.05, 1.07)
(23.96, 12.89) 	 Speed: (0.94, -1.17)

TARGETS THAT ARE NOT DISCOVERED

 NUMBER OF DETECTED TARGETS: 5

TIME: 85
ROBOTS COORDINATES
(25.91, 17.21) 	 Speed: (-0.02, 0.60)
(7.84, 36.96) 	 Speed: (-1.03, 0.30)
(11.54, 11.96) 	 Speed: (0.06, 0.28)
(10.85, 27.89) 	 Speed: (-0.68, 0.38)
(-30.25, -23.99) 	 Speed: (-0.41, 0.07)

DISCOVERED TARGETS
(-33.92, -32.94) 	 Speed: (0.03, 1.50)
(0.26, 41.30) 	 Speed: (-1.44, 0.41)
(-30.61, -6.62) 	 Speed: (-0.14, 1.49)
(2.93, 34.02) 	 Speed: (-1.05, 1.07)
(24.90, 11.72) 	 Speed: (0.94, -1.17)

TARGETS THAT ARE NOT DISCOVERED

 NUMBER OF DETECTED TARGETS: 5

TIME: 86
ROBOTS COORDINATES
(25.79, 17.51) 	 Speed: (-0.12, 0.30)
(6.29, 38.18) 	 Speed: (-1.55, 1.23)
(11.62, 12.12) 	 Speed: (0.07, 0.16)
(10.22, 28.24) 	 Speed: (-0.63, 0.35)
(-30.65, -23.92) 	 Speed: (-0.40, 0.07)

DISCOVERED TARGETS
(-33.90, -31.44) 	 Speed: (0.03, 1.50)
(-1.18, 41.71) 	 Speed: (-1.44, 0.41)
(-30.75, -5.13) 	 Speed: (-0.14, 1.49)
(1.88, 35.09) 	 Speed: (-1.05, 1.07)
(25.84, 10.55) 	 Speed: (0.94, -1.17)

TARGETS THAT ARE NOT DISCOVERED

 NUMBER OF DETECTED TARGETS: 5

TIME: 87
ROBOTS COORDINATES
(25.71, 17.51) 	 Speed: (-0.08, -0.00)
(4.73, 39.34) 	 Speed: (-1.55, 1.16)
(11.66, 12.19) 	 Speed: (0.05, 0.07)
(9.67, 28.55) 	 Speed: (-0.55, 0.31)
(-31.05, -23.84) 	 Speed: (-0.40, 0.08)

DISCOVERED TARGETS
(-33.87, -29.94) 	 Speed: (0.03, 1.50)
(-2.63, 42.12) 	 Speed: (-1.44, 0.41)
(-30.89, -3.63) 	 Speed: (-0.14, 1.49)
(0.83, 36.16) 	 Speed: (-1.05, 1.07)
(26.78, 9.38) 	 Speed: (0.94, -1.17)

TARGETS THAT ARE NOT DISCOVERED

 NUMBER OF DETECTED TARGETS: 5

TIME: 88
ROBOTS COORDINATES
(26.52, 16.71) 	 Speed: (0.81, -0.80)
(3.21, 40.43) 	 Speed: (-1.52, 1.09)
(11.67, 12.22) 	 Speed: (0.01, 0.03)
(9.21, 28.79) 	 Speed: (-0.46, 0.24)
(-31.33, -23.45) 	 Speed: (-0.28, 0.38)

DISCOVERED TARGETS
(-33.84, -28.44) 	 Speed: (0.03, 1.50)
(-4.07, 42.54) 	 Speed: (-1.44, 0.41)
(-31.03, -2.14) 	 Speed: (-0.14, 1.49)
(-0.22, 37.23) 	 Speed: (-1.05, 1.07)
(27.71, 8.21) 	 Speed: (0.94, -1.17)

TARGETS THAT ARE NOT DISCOVERED

 NUMBER OF DETECTED TARGETS: 5

TIME: 89
ROBOTS COORDINATES
(27.23, 15.90) 	 Speed: (0.71, -0.82)
(1.80, 41.38) 	 Speed: (-1.41, 0.95)
(11.70, 12.28) 	 Speed: (0.03, 0.06)
(8.79, 29.04) 	 Speed: (-0.41, 0.25)
(-31.49, -22.81) 	 Speed: (-0.16, 0.65)

DISCOVERED TARGETS
(-33.81, -26.94) 	 Speed: (0.03, 1.50)
(-5.51, 42.95) 	 Speed: (-1.44, 0.41)
(-31.17, -0.65) 	 Speed: (-0.14, 1.49)
(-1.27, 38.30) 	 Speed: (-1.05, 1.07)
(28.65, 7.04) 	 Speed: (0.94, -1.17)

TARGETS THAT ARE NOT DISCOVERED

 NUMBER OF DETECTED TARGETS: 5

TIME: 90
ROBOTS COORDINATES
(27.92, 15.03) 	 Speed: (0.69, -0.86)
(0.51, 42.17) 	 Speed: (-1.30, 0.80)
(11.75, 12.36) 	 Speed: (0.05, 0.09)
(8.32, 29.39) 	 Speed: (-0.47, 0.35)
(-31.57, -21.97) 	 Speed: (-0.08, 0.84)

DISCOVERED TARGETS
(-33.78, -25.44) 	 Speed: (0.03, 1.50)
(-6.95, 43.36) 	 Speed: (-1.44, 0.41)
(-31.31, 0.85) 	 Speed: (-0.14, 1.49)
(-2.32, 39.37) 	 Speed: (-1.05, 1.07)
(29.59, 5.87) 	 Speed: (0.94, -1.17)

TARGETS THAT ARE NOT DISCOVERED

 NUMBER OF DETECTED TARGETS: 5

TIME: 91
ROBOTS COORDINATES
(28.57, 14.13) 	 Speed: (0.66, -0.91)
(-0.72, 42.89) 	 Speed: (-1.22, 0.71)
(12.28, 11.60) 	 Speed: (0.53, -0.76)
(7.14, 30.52) 	 Speed: (-1.19, 1.13)
(-31.57, -20.99) 	 Speed: (-0.00, 0.98)

DISCOVERED TARGETS
(-33.75, -23.94) 	 Speed: (0.03, 1.50)
(-8.40, 43.77) 	 Speed: (-1.44, 0.41)
(-31.45, 2.34) 	 Speed: (-0.14, 1.49)
(-3.37, 40.44) 	 Speed: (-1.05, 1.07)
(30.53, 4.70) 	 Speed: (0.94, -1.17)

TARGETS THAT ARE NOT DISCOVERED

 NUMBER OF DETECTED TARGETS: 5

TIME: 92
ROBOTS COORDINATES
(29.24, 13.22) 	 Speed: (0.67, -0.91)
(-1.95, 43.66) 	 Speed: (-1.24, 0.78)
(12.77, 11.12) 	 Speed: (0.49, -0.48)
(6.02, 31.31) 	 Speed: (-1.12, 0.78)
(-31.52, -19.93) 	 Speed: (0.06, 1.07)

DISCOVERED TARGETS
(-33.72, -22.44) 	 Speed: (0.03, 1.50)
(-9.84, 44.18) 	 Speed: (-1.44, 0.41)
(-31.59, 3.83) 	 Speed: (-0.14, 1.49)
(-4.42, 41.51) 	 Speed: (-1.05, 1.07)
(31.47, 3.53) 	 Speed: (0.94, -1.17)

TARGETS THAT ARE NOT DISCOVERED

 NUMBER OF DETECTED TARGETS: 5

TIME: 93
ROBOTS COORDINATES
(29.91, 12.30) 	 Speed: (0.67, -0.92)
(-3.17, 44.44) 	 Speed: (-1.22, 0.78)
(13.25, 10.69) 	 Speed: (0.48, -0.43)
(4.91, 32.04) 	 Speed: (-1.11, 0.74)
(-31.41, -18.80) 	 Speed: (0.10, 1.12)

DISCOVERED TARGETS
(-33.70, -20.94) 	 Speed: (0.03, 1.50)
(-11.28, 44.59) 	 Speed: (-1.44, 0.41)
(-31.73, 5.33) 	 Speed: (-0.14, 1.49)
(-5.47, 42.58) 	 Speed: (-1.05, 1.07)
(32.41, 2.36) 	 Speed: (0.94, -1.17)

TARGETS THAT ARE NOT DISCOVERED

 NUMBER OF DETECTED TARGETS: 5

TIME: 94
ROBOTS COORDINATES
(30.59, 11.37) 	 Speed: (0.68, -0.93)
(-4.35, 45.20) 	 Speed: (-1.17, 0.76)
(13.73, 10.25) 	 Speed: (0.48, -0.44)
(3.80, 32.79) 	 Speed: (-1.11, 0.74)
(-31.27, -17.65) 	 Speed: (0.15, 1.15)

DISCOVERED TARGETS
(-33.67, -19.44) 	 Speed: (0.03, 1.50)
(-12.72, 45.01) 	 Speed: (-1.44, 0.41)
(-31.87, 6.82) 	 Speed: (-0.14, 1.49)
(-6.52, 43.66) 	 Speed: (-1.05, 1.07)
(33.35, 1.19) 	 Speed: (0.94, -1.17)

TARGETS THAT ARE NOT DISCOVERED

 NUMBER OF DETECTED TARGETS: 5

TIME: 95
ROBOTS COORDINATES
(31.26, 10.44) 	 Speed: (0.67, -0.94)
(-5.45, 45.95) 	 Speed: (-1.11, 0.74)
(14.23, 9.80) 	 Speed: (0.49, -0.45)
(2.68, 33.53) 	 Speed: (-1.12, 0.75)
(-31.09, -16.50) 	 Speed: (0.18, 1.15)

DISCOVERED TARGETS
(-33.64, -17.94) 	 Speed: (0.03, 1.50)
(-14.17, 45.42) 	 Speed: (-1.44, 0.41)
(-32.01, 8.31) 	 Speed: (-0.14, 1.49)
(-7.57, 44.73) 	 Speed: (-1.05, 1.07)
(34.28, 0.02) 	 Speed: (0.94, -1.17)

TARGETS THAT ARE NOT DISCOVERED

 NUMBER OF DETECTED TARGETS: 5

TIME: 96
ROBOTS COORDINATES
(31.93, 9.49) 	 Speed: (0.67, -0.95)
(-6.49, 46.66) 	 Speed: (-1.04, 0.71)
(14.73, 9.35) 	 Speed: (0.51, -0.45)
(1.56, 34.27) 	 Speed: (-1.12, 0.74)
(-30.89, -15.37) 	 Speed: (0.20, 1.13)

DISCOVERED TARGETS
(-33.61, -16.44) 	 Speed: (0.03, 1.50)
(-15.61, 45.83) 	 Speed: (-1.44, 0.41)
(-32.15, 9.81) 	 Speed: (-0.14, 1.49)
(-8.62, 45.80) 	 Speed: (-1.05, 1.07)
(35.22, -1.15) 	 Speed: (0.94, -1.17)

TARGETS THAT ARE NOT DISCOVERED

 NUMBER OF DETECTED TARGETS: 5

TIME: 97
ROBOTS COORDINATES
(32.60, 8.54) 	 Speed: (0.67, -0.95)
(-7.47, 47.31) 	 Speed: (-0.98, 0.65)
(15.25, 8.89) 	 Speed: (0.52, -0.46)
(0.45, 35.00) 	 Speed: (-1.11, 0.72)
(-30.69, -14.27) 	 Speed: (0.20, 1.10)

DISCOVERED TARGETS
(-33.58, -14.94) 	 Speed: (0.03, 1.50)
(-17.05, 46.24) 	 Speed: (-1.44, 0.41)
(-32.30, 11.30) 	 Speed: (-0.14, 1.49)
(-9.67, 46.87) 	 Speed: (-1.05, 1.07)
(36.16, -2.32) 	 Speed: (0.94, -1.17)

TARGETS THAT ARE NOT DISCOVERED

 NUMBER OF DETECTED TARGETS: 5

TIME: 98
ROBOTS COORDINATES
(33.27, 7.58) 	 Speed: (0.66, -0.96)
(-8.42, 47.89) 	 Speed: (-0.95, 0.58)
(15.78, 8.43) 	 Speed: (0.53, -0.47)
(-0.65, 35.70) 	 Speed: (-1.10, 0.70)
(-30.50, -13.22) 	 Speed: (0.19, 1.06)

DISCOVERED TARGETS
(-33.55, -13.44) 	 Speed: (0.03, 1.50)
(-18.12, 45.72) 	 Speed: (-1.43, 0.44)
(-32.44, 12.79) 	 Speed: (-0.14, 1.49)
(-10.72, 47.94) 	 Speed: (-1.05, 1.07)
(37.10, -3.49) 	 Speed: (0.94, -1.17)

TARGETS THAT ARE NOT DISCOVERED

 NUMBER OF DETECTED TARGETS: 5

TIME: 99
ROBOTS COORDINATES
(33.93, 6.62) 	 Speed: (0.66, -0.96)
(-9.37, 48.28) 	 Speed: (-0.95, 0.40)
(16.32, 7.96) 	 Speed: (0.54, -0.47)
(-1.76, 36.34) 	 Speed: (-1.11, 0.65)
(-30.34, -12.20) 	 Speed: (0.16, 1.01)

DISCOVERED TARGETS
(-33.52, -11.94) 	 Speed: (0.03, 1.50)
(-19.17, 45.24) 	 Speed: (-0.36, 1.46)
(-32.58, 14.29) 	 Speed: (-0.14, 1.49)
(-11.53, 48.03) 	 Speed: (-1.50, -0.04)
(38.04, -4.66) 	 Speed: (0.94, -1.17)

TARGETS THAT ARE NOT DISCOVERED

 NUMBER OF DETECTED TARGETS: 5

TIME: 100
ROBOTS COORDINATES
(34.58, 5.66) 	 Speed: (0.65, -0.96)
(-10.29, 48.69) 	 Speed: (-0.92, 0.41)
(16.87, 7.48) 	 Speed: (0.55, -0.48)
(-2.87, 36.91) 	 Speed: (-1.11, 0.57)
(-30.23, -11.22) 	 Speed: (0.12, 0.98)

DISCOVERED TARGETS
(-33.50, -10.44) 	 Speed: (0.03, 1.50)
(-19.13, 45.76) 	 Speed: (-0.30, -1.47)
(-32.72, 15.78) 	 Speed: (-0.14, 1.49)
(-13.03, 47.99) 	 Speed: (-1.50, -0.04)
(38.98, -5.83) 	 Speed: (0.94, -1.17)

TARGETS THAT ARE NOT DISCOVERED

 NUMBER OF DETECTED TARGETS: 5

TIME: 101
ROBOTS COORDINATES
(35.23, 4.69) 	 Speed: (0.65, -0.96)
(-11.16, 48.15) 	 Speed: (-1.10, 0.44)
(17.44, 6.99) 	 Speed: (0.57, -0.49)
(-3.99, 37.44) 	 Speed: (-1.12, 0.53)
(-30.16, -10.26) 	 Speed: (0.06, 0.96)

DISCOVERED TARGETS
(-33.47, -8.94) 	 Speed: (0.03, 1.50)
(-19.43, 44.29) 	 Speed: (-0.30, -1.47)
(-32.86, 17.27) 	 Speed: (-0.14, 1.49)
(-14.24, 46.99) 	 Speed: (-1.47, -0.31)
(39.92, -7.00) 	 Speed: (0.94, -1.17)

TARGETS THAT ARE NOT DISCOVERED

 NUMBER OF DETECTED TARGETS: 5

TIME: 102
ROBOTS COORDINATES
(35.87, 3.73) 	 Speed: (0.64, -0.96)
(-12.18, 47.61) 	 Speed: (-1.27, 0.43)
(18.01, 6.50) 	 Speed: (0.58, -0.49)
(-5.11, 37.74) 	 Speed: (-1.12, 0.30)
(-30.16, -9.31) 	 Speed: (0.00, 0.95)

DISCOVERED TARGETS
(-33.44, -7.44) 	 Speed: (0.03, 1.50)
(-19.73, 42.82) 	 Speed: (-0.30, -1.47)
(-33.00, 18.77) 	 Speed: (-0.14, 1.49)
(-15.71, 46.68) 	 Speed: (-1.47, -0.31)
(40.85, -8.17) 	 Speed: (0.94, -1.17)

TARGETS THAT ARE NOT DISCOVERED

 NUMBER OF DETECTED TARGETS: 5

TIME: 103
ROBOTS COORDINATES
(36.51, 2.77) 	 Speed: (0.64, -0.96)
(-13.52, 47.91) 	 Speed: (-1.34, 0.30)
(18.60, 6.00) 	 Speed: (0.59, -0.50)
(-6.24, 37.90) 	 Speed: (-1.13, 0.16)
(-30.21, -8.34) 	 Speed: (-0.05, 0.97)

DISCOVERED TARGETS
(-33.41, -5.94) 	 Speed: (0.03, 1.50)
(-20.03, 41.35) 	 Speed: (-0.30, -1.47)
(-33.14, 20.26) 	 Speed: (-0.14, 1.49)
(-17.18, 46.36) 	 Speed: (-1.47, -0.31)
(41.79, -9.34) 	 Speed: (0.94, -1.17)

TARGETS THAT ARE NOT DISCOVERED

 NUMBER OF DETECTED TARGETS: 5

TIME: 104
ROBOTS COORDINATES
(37.15, 1.81) 	 Speed: (0.64, -0.96)
(-14.51, 47.05) 	 Speed: (-1.29, 0.10)
(19.20, 5.49) 	 Speed: (0.60, -0.51)
(-7.41, 37.94) 	 Speed: (-1.17, 0.05)
(-30.31, -7.35) 	 Speed: (-0.10, 0.99)

DISCOVERED TARGETS
(-33.38, -4.44) 	 Speed: (0.03, 1.50)
(-20.33, 39.88) 	 Speed: (-0.30, -1.47)
(-33.28, 21.75) 	 Speed: (-0.14, 1.49)
(-18.64, 46.05) 	 Speed: (-1.47, -0.31)
(42.73, -10.51) 	 Speed: (0.94, -1.17)

TARGETS THAT ARE NOT DISCOVERED

 NUMBER OF DETECTED TARGETS: 5

TIME: 105
ROBOTS COORDINATES
(37.78, 0.85) 	 Speed: (0.63, -0.96)
(-15.82, 47.05) 	 Speed: (-1.31, -0.00)
(19.81, 4.97) 	 Speed: (0.61, -0.52)
(-8.60, 37.89) 	 Speed: (-1.18, -0.06)
(-30.45, -6.31) 	 Speed: (-0.14, 1.03)

DISCOVERED TARGETS
(-33.35, -2.94) 	 Speed: (0.03, 1.50)
(-20.63, 38.41) 	 Speed: (-0.30, -1.47)
(-33.42, 23.25) 	 Speed: (-0.14, 1.49)
(-20.11, 45.74) 	 Speed: (-1.47, -0.31)
(43.67, -11.68) 	 Speed: (0.94, -1.17)

TARGETS THAT ARE NOT DISCOVERED

 NUMBER OF DETECTED TARGETS: 5

TIME: 106
ROBOTS COORDINATES
(38.41, -0.10) 	 Speed: (0.63, -0.95)
(-17.60, 45.30) 	 Speed: (-1.78, -1.75)
(20.42, 4.44) 	 Speed: (0.62, -0.53)
(-10.49, 36.15) 	 Speed: (-1.90, -1.74)
(-30.63, -5.23) 	 Speed: (-0.17, 1.08)

DISCOVERED TARGETS
(-33.33, -1.44) 	 Speed: (0.03, 1.50)
(-20.92, 36.94) 	 Speed: (-0.30, -1.47)
(-33.56, 24.74) 	 Speed: (-0.14, 1.49)
(-21.15, 44.51) 	 Speed: (-1.41, -0.52)
(44.61, -12.85) 	 Speed: (0.94, -1.17)

TARGETS THAT ARE NOT DISCOVERED

 NUMBER OF DETECTED TARGETS: 5

TIME: 107
ROBOTS COORDINATES
(39.03, -1.05) 	 Speed: (0.62, -0.95)
(-19.10, 44.39) 	 Speed: (-1.51, -0.91)
(21.05, 3.91) 	 Speed: (0.63, -0.53)
(-12.43, 34.33) 	 Speed: (-1.94, -1.81)
(-30.72, -5.10) 	 Speed: (-0.09, 0.13)

DISCOVERED TARGETS
(-33.30, 0.06) 	 Speed: (0.03, 1.50)
(-21.22, 35.47) 	 Speed: (-0.30, -1.47)
(-33.70, 26.23) 	 Speed: (-0.14, 1.49)
(-22.55, 44.00) 	 Speed: (-1.41, -0.52)
(45.55, -14.02) 	 Speed: (0.94, -1.17)

TARGETS THAT ARE NOT DISCOVERED

 NUMBER OF DETECTED TARGETS: 5

TIME: 108
ROBOTS COORDINATES
(39.66, -1.99) 	 Speed: (0.62, -0.94)
(-20.38, 43.49) 	 Speed: (-1.28, -0.90)
(20.88, 3.96) 	 Speed: (-0.17, 0.05)
(-14.40, 32.48) 	 Speed: (-1.97, -1.85)
(-30.92, -4.71) 	 Speed: (-0.20, 0.39)

DISCOVERED TARGETS
(-33.27, 1.56) 	 Speed: (0.03, 1.50)
(-21.52, 34.00) 	 Speed: (-0.30, -1.47)
(-33.84, 27.73) 	 Speed: (-0.14, 1.49)
(-23.96, 43.48) 	 Speed: (-1.41, -0.52)
(46.49, -15.19) 	 Speed: (0.94, -1.17)

TARGETS THAT ARE NOT DISCOVERED

 NUMBER OF DETECTED TARGETS: 5

TIME: 109
ROBOTS COORDINATES
(40.15, -2.89) 	 Speed: (0.50, -0.90)
(-21.52, 42.61) 	 Speed: (-1.14, -0.88)
(20.84, 3.97) 	 Speed: (-0.04, 0.01)
(-16.35, 32.30) 	 Speed: (-1.95, -0.19)
(-31.16, -4.08) 	 Speed: (-0.24, 0.63)

DISCOVERED TARGETS
(-33.24, 3.06) 	 Speed: (0.03, 1.50)
(-21.82, 32.53) 	 Speed: (-0.30, -1.47)
(-33.98, 29.22) 	 Speed: (-0.14, 1.49)
(-25.37, 42.96) 	 Speed: (-1.41, -0.52)
(46.48, -16.03) 	 Speed: (1.11, 1.01)

TARGETS THAT ARE NOT DISCOVERED

 NUMBER OF DETECTED TARGETS: 5

TIME: 110
ROBOTS COORDINATES
(40.59, -3.79) 	 Speed: (0.43, -0.90)
(-22.65, 41.77) 	 Speed: (-1.12, -0.84)
(20.84, 3.97) 	 Speed: (0.00, 0.00)
(-17.90, 32.01) 	 Speed: (-1.55, -0.29)
(-31.40, -3.25) 	 Speed: (-0.24, 0.82)

DISCOVERED TARGETS
(-33.21, 4.56) 	 Speed: (0.03, 1.50)
(-22.12, 31.06) 	 Speed: (-0.30, -1.47)
(-34.13, 30.71) 	 Speed: (-0.14, 1.49)
(-26.24, 41.59) 	 Speed: (1.19, 0.91)
(47.59, -15.02) 	 Speed: (1.11, 1.01)

TARGETS THAT ARE NOT DISCOVERED

 NUMBER OF DETECTED TARGETS: 5

TIME: 111
ROBOTS COORDINATES
(41.12, -4.64) 	 Speed: (0.53, -0.85)
(-23.65, 40.98) 	 Speed: (-1.01, -0.79)
(20.84, 3.97) 	 Speed: (0.00, 0.00)
(-19.20, 31.77) 	 Speed: (-1.29, -0.24)
(-31.62, -2.28) 	 Speed: (-0.23, 0.97)

DISCOVERED TARGETS
(-33.18, 6.06) 	 Speed: (0.03, 1.50)
(-22.41, 29.59) 	 Speed: (-0.30, -1.47)
(-34.27, 32.21) 	 Speed: (-0.14, 1.49)
(-25.05, 42.50) 	 Speed: (1.19, 0.91)
(47.72, -13.73) 	 Speed: (-0.59, 1.38)

TARGETS THAT ARE NOT DISCOVERED

 NUMBER OF DETECTED TARGETS: 5

TIME: 112
ROBOTS COORDINATES
(41.70, -5.45) 	 Speed: (0.59, -0.81)
(-24.43, 39.89) 	 Speed: (-0.77, -1.09)
(20.84, 3.97) 	 Speed: (0.00, 0.00)
(-20.69, 30.91) 	 Speed: (-1.50, -0.86)
(-31.81, -1.30) 	 Speed: (-0.18, 0.98)

DISCOVERED TARGETS
(-33.15, 7.56) 	 Speed: (0.03, 1.50)
(-22.71, 28.12) 	 Speed: (-0.30, -1.47)
(-34.41, 33.70) 	 Speed: (-0.14, 1.49)
(-23.85, 43.41) 	 Speed: (1.19, 0.91)
(47.13, -12.35) 	 Speed: (-0.59, 1.38)

TARGETS THAT ARE NOT DISCOVERED

 NUMBER OF DETECTED TARGETS: 5

TIME: 113
ROBOTS COORDINATES
(42.32, -6.23) 	 Speed: (0.62, -0.79)
(-25.53, 39.19) 	 Speed: (-1.11, -0.70)
(20.84, 3.97) 	 Speed: (0.00, 0.00)
(-21.92, 30.39) 	 Speed: (-1.23, -0.53)
(-31.96, -0.31) 	 Speed: (-0.15, 0.99)

DISCOVERED TARGETS
(-33.13, 9.05) 	 Speed: (0.03, 1.50)
(-23.01, 26.65) 	 Speed: (-0.30, -1.47)
(-34.55, 35.19) 	 Speed: (-0.14, 1.49)
(-22.66, 44.32) 	 Speed: (1.19, 0.91)
(46.54, -10.97) 	 Speed: (-0.59, 1.38)

TARGETS THAT ARE NOT DISCOVERED

 NUMBER OF DETECTED TARGETS: 5

TIME: 114
ROBOTS COORDINATES
(42.71, -6.67) 	 Speed: (0.39, -0.44)
(-26.40, 39.14) 	 Speed: (-0.87, -0.05)
(21.70, 3.47) 	 Speed: (0.86, -0.50)
(-22.99, 29.96) 	 Speed: (-1.07, -0.43)
(-31.77, 1.63) 	 Speed: (0.19, 1.94)

DISCOVERED TARGETS
(-33.10, 10.55) 	 Speed: (0.03, 1.50)
(-23.31, 25.18) 	 Speed: (-0.30, -1.47)
(-33.99, 35.95) 	 Speed: (-1.50, -0.09)
(-21.04, 44.32) 	 Speed: (-1.39, -0.57)
(45.95, -9.59) 	 Speed: (-0.59, 1.38)

TARGETS THAT ARE NOT DISCOVERED

 NUMBER OF DETECTED TARGETS: 5

TIME: 115
ROBOTS COORDINATES
(42.78, -6.73) 	 Speed: (0.07, -0.06)
(-27.06, 38.34) 	 Speed: (-0.66, -0.80)
(22.58, 2.99) 	 Speed: (0.88, -0.47)
(-23.86, 29.40) 	 Speed: (-0.87, -0.55)
(-31.58, 3.56) 	 Speed: (0.19, 1.93)

DISCOVERED TARGETS
(-33.07, 12.05) 	 Speed: (0.03, 1.50)
(-23.61, 23.71) 	 Speed: (-0.30, -1.47)
(-34.78, 35.14) 	 Speed: (1.32, -0.70)
(-22.43, 43.75) 	 Speed: (-1.39, -0.57)
(45.36, -8.21) 	 Speed: (-0.59, 1.38)

TARGETS THAT ARE NOT DISCOVERED

 NUMBER OF DETECTED TARGETS: 5

TIME: 116
ROBOTS COORDINATES
(42.56, -6.61) 	 Speed: (-0.22, 0.13)
(-27.81, 37.55) 	 Speed: (-0.75, -0.80)
(23.48, 2.55) 	 Speed: (0.90, -0.44)
(-24.76, 28.61) 	 Speed: (-0.90, -0.79)
(-31.38, 5.48) 	 Speed: (0.19, 1.91)

DISCOVERED TARGETS
(-33.04, 13.55) 	 Speed: (0.03, 1.50)
(-23.91, 22.24) 	 Speed: (-0.30, -1.47)
(-33.46, 34.44) 	 Speed: (1.32, -0.70)
(-23.81, 43.19) 	 Speed: (-1.39, -0.57)
(44.78, -6.83) 	 Speed: (-0.59, 1.38)

TARGETS THAT ARE NOT DISCOVERED

 NUMBER OF DETECTED TARGETS: 5

TIME: 117
ROBOTS COORDINATES
(42.12, -6.56) 	 Speed: (-0.44, 0.05)
(-28.21, 36.85) 	 Speed: (-0.41, -0.70)
(24.40, 2.15) 	 Speed: (0.92, -0.40)
(-25.60, 27.74) 	 Speed: (-0.84, -0.87)
(-31.29, 5.54) 	 Speed: (0.09, 0.06)

DISCOVERED TARGETS
(-33.01, 15.05) 	 Speed: (0.03, 1.50)
(-24.20, 20.77) 	 Speed: (-0.30, -1.47)
(-32.13, 33.74) 	 Speed: (1.32, -0.70)
(-25.20, 42.62) 	 Speed: (-1.39, -0.57)
(44.19, -5.46) 	 Speed: (-0.59, 1.38)

TARGETS THAT ARE NOT DISCOVERED

 NUMBER OF DETECTED TARGETS: 5

TIME: 118
ROBOTS COORDINATES
(41.78, -6.77) 	 Speed: (-0.33, -0.21)
(-28.37, 36.26) 	 Speed: (-0.16, -0.59)
(25.30, 1.81) 	 Speed: (0.90, -0.34)
(-26.39, 26.83) 	 Speed: (-0.79, -0.91)
(-31.14, 5.64) 	 Speed: (0.15, 0.10)

DISCOVERED TARGETS
(-32.98, 16.55) 	 Speed: (0.03, 1.50)
(-24.50, 19.30) 	 Speed: (-0.30, -1.47)
(-30.81, 33.03) 	 Speed: (1.32, -0.70)
(-26.59, 42.05) 	 Speed: (-1.39, -0.57)
(43.60, -4.08) 	 Speed: (-0.59, 1.38)

TARGETS THAT ARE NOT DISCOVERED

 NUMBER OF DETECTED TARGETS: 5

TIME: 119
ROBOTS COORDINATES
(41.85, -7.01) 	 Speed: (0.06, -0.24)
(-28.43, 35.77) 	 Speed: (-0.07, -0.49)
(26.08, 1.59) 	 Speed: (0.78, -0.22)
(-27.03, 25.83) 	 Speed: (-0.64, -1.00)
(-30.95, 5.78) 	 Speed: (0.20, 0.13)

DISCOVERED TARGETS
(-32.95, 18.05) 	 Speed: (0.03, 1.50)
(-24.80, 17.83) 	 Speed: (-0.30, -1.47)
(-29.48, 32.33) 	 Speed: (1.32, -0.70)
(-27.42, 40.65) 	 Speed: (-0.69, -1.33)
(43.01, -2.70) 	 Speed: (-0.59, 1.38)

TARGETS THAT ARE NOT DISCOVERED

 NUMBER OF DETECTED TARGETS: 5

